{"D:\\Learn Nodjs\\integrate-develop\\in-progress\\src\\routes\\admin_artist.js": {"path":"D:\\Learn Nodjs\\integrate-develop\\in-progress\\src\\routes\\admin_artist.js","statementMap":{"0":{"start":{"line":1,"column":15},"end":{"line":1,"column":33}},"1":{"start":{"line":2,"column":24},"end":{"line":2,"column":75}},"2":{"start":{"line":4,"column":15},"end":{"line":4,"column":31}},"3":{"start":{"line":7,"column":0},"end":{"line":7,"column":57}},"4":{"start":{"line":8,"column":0},"end":{"line":8,"column":70}},"5":{"start":{"line":9,"column":0},"end":{"line":9,"column":62}},"6":{"start":{"line":10,"column":0},"end":{"line":10,"column":53}},"7":{"start":{"line":12,"column":0},"end":{"line":12,"column":23}}},"fnMap":{},"branchMap":{},"s":{"0":3,"1":3,"2":3,"3":3,"4":3,"5":3,"6":3,"7":3},"f":{},"b":{},"_coverageSchema":"1a1c01bbd47fc00a2c39e90264f33305004495a9","hash":"6ef194968f0d22739e88f40b59a6175914707b61"}
,"D:\\Learn Nodjs\\integrate-develop\\in-progress\\src\\routes\\artist_album.js": {"path":"D:\\Learn Nodjs\\integrate-develop\\in-progress\\src\\routes\\artist_album.js","statementMap":{"0":{"start":{"line":2,"column":15},"end":{"line":2,"column":33}},"1":{"start":{"line":3,"column":25},"end":{"line":3,"column":79}},"2":{"start":{"line":5,"column":15},"end":{"line":5,"column":31}},"3":{"start":{"line":8,"column":0},"end":{"line":8,"column":51}},"4":{"start":{"line":9,"column":0},"end":{"line":9,"column":51}},"5":{"start":{"line":10,"column":0},"end":{"line":10,"column":53}},"6":{"start":{"line":11,"column":0},"end":{"line":11,"column":49}},"7":{"start":{"line":12,"column":0},"end":{"line":12,"column":54}},"8":{"start":{"line":14,"column":0},"end":{"line":14,"column":23}}},"fnMap":{},"branchMap":{},"s":{"0":3,"1":3,"2":3,"3":3,"4":3,"5":3,"6":3,"7":3,"8":3},"f":{},"b":{},"_coverageSchema":"1a1c01bbd47fc00a2c39e90264f33305004495a9","hash":"5844850e90026e9900eb80b2935102fc37e2a1a3"}
,"D:\\Learn Nodjs\\integrate-develop\\in-progress\\src\\routes\\artist_song.js": {"path":"D:\\Learn Nodjs\\integrate-develop\\in-progress\\src\\routes\\artist_song.js","statementMap":{"0":{"start":{"line":2,"column":15},"end":{"line":2,"column":33}},"1":{"start":{"line":3,"column":25},"end":{"line":3,"column":79}},"2":{"start":{"line":5,"column":15},"end":{"line":5,"column":31}},"3":{"start":{"line":8,"column":0},"end":{"line":8,"column":50}},"4":{"start":{"line":9,"column":0},"end":{"line":9,"column":49}},"5":{"start":{"line":10,"column":0},"end":{"line":10,"column":52}},"6":{"start":{"line":11,"column":0},"end":{"line":11,"column":48}},"7":{"start":{"line":13,"column":0},"end":{"line":13,"column":23}}},"fnMap":{},"branchMap":{},"s":{"0":3,"1":3,"2":3,"3":3,"4":3,"5":3,"6":3,"7":3},"f":{},"b":{},"_coverageSchema":"1a1c01bbd47fc00a2c39e90264f33305004495a9","hash":"7593c7a65f10a8122623bd790f216ccb3b120631"}
,"D:\\Learn Nodjs\\integrate-develop\\in-progress\\src\\routes\\index.js": {"path":"D:\\Learn Nodjs\\integrate-develop\\in-progress\\src\\routes\\index.js","statementMap":{"0":{"start":{"line":2,"column":16},"end":{"line":2,"column":34}},"1":{"start":{"line":3,"column":26},"end":{"line":3,"column":51}},"2":{"start":{"line":4,"column":25},"end":{"line":4,"column":49}},"3":{"start":{"line":5,"column":19},"end":{"line":5,"column":37}},"4":{"start":{"line":6,"column":19},"end":{"line":6,"column":44}},"5":{"start":{"line":7,"column":12},"end":{"line":7,"column":21}},"6":{"start":{"line":9,"column":0},"end":{"line":9,"column":23}},"7":{"start":{"line":10,"column":0},"end":{"line":10,"column":44}},"8":{"start":{"line":12,"column":0},"end":{"line":12,"column":44}},"9":{"start":{"line":13,"column":0},"end":{"line":13,"column":42}},"10":{"start":{"line":14,"column":0},"end":{"line":14,"column":29}},"11":{"start":{"line":15,"column":0},"end":{"line":15,"column":29}},"12":{"start":{"line":17,"column":0},"end":{"line":17,"column":21}}},"fnMap":{},"branchMap":{},"s":{"0":3,"1":3,"2":3,"3":3,"4":3,"5":3,"6":3,"7":3,"8":3,"9":3,"10":3,"11":3,"12":3},"f":{},"b":{},"_coverageSchema":"1a1c01bbd47fc00a2c39e90264f33305004495a9","hash":"1e0be50d8764b580b67e49e95b8767700c87c997"}
,"D:\\Learn Nodjs\\integrate-develop\\in-progress\\src\\routes\\users.js": {"path":"D:\\Learn Nodjs\\integrate-develop\\in-progress\\src\\routes\\users.js","statementMap":{"0":{"start":{"line":1,"column":15},"end":{"line":1,"column":33}},"1":{"start":{"line":2,"column":23},"end":{"line":2,"column":73}},"2":{"start":{"line":4,"column":15},"end":{"line":4,"column":31}},"3":{"start":{"line":6,"column":0},"end":{"line":6,"column":56}},"4":{"start":{"line":7,"column":0},"end":{"line":7,"column":50}},"5":{"start":{"line":8,"column":0},"end":{"line":8,"column":56}},"6":{"start":{"line":9,"column":0},"end":{"line":9,"column":65}},"7":{"start":{"line":10,"column":0},"end":{"line":10,"column":74}},"8":{"start":{"line":11,"column":0},"end":{"line":11,"column":44}},"9":{"start":{"line":12,"column":0},"end":{"line":12,"column":60}},"10":{"start":{"line":14,"column":0},"end":{"line":14,"column":23}}},"fnMap":{},"branchMap":{},"s":{"0":3,"1":3,"2":3,"3":3,"4":3,"5":3,"6":3,"7":3,"8":3,"9":3,"10":3},"f":{},"b":{},"_coverageSchema":"1a1c01bbd47fc00a2c39e90264f33305004495a9","hash":"167ba3078b958fdc56463ae8e634dcba8f75ea1a"}
,"D:\\Learn Nodjs\\integrate-develop\\in-progress\\src\\src\\controllers\\admin\\adminController.js": {"path":"D:\\Learn Nodjs\\integrate-develop\\in-progress\\src\\src\\controllers\\admin\\adminController.js","statementMap":{"0":{"start":{"line":1,"column":45},"end":{"line":1,"column":92}},"1":{"start":{"line":3,"column":54},"end":{"line":3,"column":115}},"2":{"start":{"line":12,"column":16},"end":{"line":28,"column":1}},"3":{"start":{"line":13,"column":12},"end":{"line":13,"column":23}},"4":{"start":{"line":15,"column":24},"end":{"line":15,"column":40}},"5":{"start":{"line":17,"column":4},"end":{"line":19,"column":5}},"6":{"start":{"line":18,"column":8},"end":{"line":18,"column":90}},"7":{"start":{"line":21,"column":16},"end":{"line":21,"column":34}},"8":{"start":{"line":23,"column":13},"end":{"line":25,"column":5}},"9":{"start":{"line":26,"column":4},"end":{"line":26,"column":82}},"10":{"start":{"line":36,"column":29},"end":{"line":52,"column":1}},"11":{"start":{"line":38,"column":12},"end":{"line":38,"column":23}},"12":{"start":{"line":40,"column":25},"end":{"line":40,"column":43}},"13":{"start":{"line":42,"column":4},"end":{"line":44,"column":5}},"14":{"start":{"line":43,"column":8},"end":{"line":43,"column":80}},"15":{"start":{"line":46,"column":16},"end":{"line":46,"column":34}},"16":{"start":{"line":48,"column":13},"end":{"line":50,"column":5}},"17":{"start":{"line":51,"column":4},"end":{"line":51,"column":78}},"18":{"start":{"line":60,"column":25},"end":{"line":77,"column":1}},"19":{"start":{"line":61,"column":12},"end":{"line":61,"column":23}},"20":{"start":{"line":63,"column":21},"end":{"line":63,"column":35}},"21":{"start":{"line":65,"column":4},"end":{"line":67,"column":5}},"22":{"start":{"line":66,"column":8},"end":{"line":66,"column":80}},"23":{"start":{"line":69,"column":16},"end":{"line":69,"column":34}},"24":{"start":{"line":71,"column":13},"end":{"line":73,"column":5}},"25":{"start":{"line":75,"column":4},"end":{"line":75,"column":75}},"26":{"start":{"line":84,"column":21},"end":{"line":96,"column":1}},"27":{"start":{"line":86,"column":17},"end":{"line":86,"column":32}},"28":{"start":{"line":88,"column":4},"end":{"line":88,"column":37}},"29":{"start":{"line":90,"column":13},"end":{"line":92,"column":5}},"30":{"start":{"line":94,"column":4},"end":{"line":94,"column":76}},"31":{"start":{"line":99,"column":0},"end":{"line":104,"column":1}}},"fnMap":{"0":{"name":"(anonymous_0)","decl":{"start":{"line":12,"column":16},"end":{"line":12,"column":17}},"loc":{"start":{"line":12,"column":34},"end":{"line":28,"column":1}},"line":12},"1":{"name":"(anonymous_1)","decl":{"start":{"line":36,"column":29},"end":{"line":36,"column":30}},"loc":{"start":{"line":36,"column":46},"end":{"line":52,"column":1}},"line":36},"2":{"name":"(anonymous_2)","decl":{"start":{"line":60,"column":25},"end":{"line":60,"column":26}},"loc":{"start":{"line":60,"column":42},"end":{"line":77,"column":1}},"line":60},"3":{"name":"(anonymous_3)","decl":{"start":{"line":84,"column":21},"end":{"line":84,"column":22}},"loc":{"start":{"line":84,"column":38},"end":{"line":96,"column":1}},"line":84}},"branchMap":{"0":{"loc":{"start":{"line":17,"column":4},"end":{"line":19,"column":5}},"type":"if","locations":[{"start":{"line":17,"column":4},"end":{"line":19,"column":5}},{"start":{},"end":{}}],"line":17},"1":{"loc":{"start":{"line":17,"column":7},"end":{"line":17,"column":76}},"type":"binary-expr","locations":[{"start":{"line":17,"column":7},"end":{"line":17,"column":40}},{"start":{"line":17,"column":44},"end":{"line":17,"column":76}}],"line":17},"2":{"loc":{"start":{"line":42,"column":4},"end":{"line":44,"column":5}},"type":"if","locations":[{"start":{"line":42,"column":4},"end":{"line":44,"column":5}},{"start":{},"end":{}}],"line":42},"3":{"loc":{"start":{"line":42,"column":7},"end":{"line":42,"column":78}},"type":"binary-expr","locations":[{"start":{"line":42,"column":7},"end":{"line":42,"column":41}},{"start":{"line":42,"column":45},"end":{"line":42,"column":78}}],"line":42},"4":{"loc":{"start":{"line":65,"column":4},"end":{"line":67,"column":5}},"type":"if","locations":[{"start":{"line":65,"column":4},"end":{"line":67,"column":5}},{"start":{},"end":{}}],"line":65},"5":{"loc":{"start":{"line":65,"column":7},"end":{"line":65,"column":70}},"type":"binary-expr","locations":[{"start":{"line":65,"column":7},"end":{"line":65,"column":37}},{"start":{"line":65,"column":41},"end":{"line":65,"column":70}}],"line":65}},"s":{"0":3,"1":3,"2":3,"3":2,"4":2,"5":2,"6":1,"7":1,"8":1,"9":1,"10":3,"11":2,"12":2,"13":2,"14":1,"15":1,"16":1,"17":1,"18":3,"19":2,"20":2,"21":2,"22":1,"23":1,"24":1,"25":1,"26":3,"27":1,"28":1,"29":1,"30":1,"31":3},"f":{"0":2,"1":2,"2":2,"3":1},"b":{"0":[1,1],"1":[2,1],"2":[1,1],"3":[2,2],"4":[1,1],"5":[2,1]},"_coverageSchema":"1a1c01bbd47fc00a2c39e90264f33305004495a9","hash":"fad47e759e17955d9a44f39d846a1c5a735cd66c"}
,"D:\\Learn Nodjs\\integrate-develop\\in-progress\\src\\src\\controllers\\artists\\artistController.js": {"path":"D:\\Learn Nodjs\\integrate-develop\\in-progress\\src\\src\\controllers\\artists\\artistController.js","statementMap":{"0":{"start":{"line":1,"column":16},"end":{"line":1,"column":34}},"1":{"start":{"line":2,"column":20},"end":{"line":2,"column":70}},"2":{"start":{"line":3,"column":48},"end":{"line":3,"column":95}},"3":{"start":{"line":8,"column":25},"end":{"line":8,"column":69}},"4":{"start":{"line":9,"column":23},"end":{"line":9,"column":65}},"5":{"start":{"line":17,"column":18},"end":{"line":49,"column":1}},"6":{"start":{"line":19,"column":19},"end":{"line":19,"column":27}},"7":{"start":{"line":20,"column":21},"end":{"line":20,"column":34}},"8":{"start":{"line":21,"column":20},"end":{"line":21,"column":56}},"9":{"start":{"line":23,"column":21},"end":{"line":23,"column":38}},"10":{"start":{"line":24,"column":13},"end":{"line":28,"column":5}},"11":{"start":{"line":29,"column":19},"end":{"line":29,"column":47}},"12":{"start":{"line":31,"column":24},"end":{"line":31,"column":77}},"13":{"start":{"line":33,"column":4},"end":{"line":45,"column":5}},"14":{"start":{"line":35,"column":22},"end":{"line":38,"column":9}},"15":{"start":{"line":40,"column":22},"end":{"line":40,"column":26}},"16":{"start":{"line":42,"column":23},"end":{"line":42,"column":91}},"17":{"start":{"line":44,"column":8},"end":{"line":44,"column":34}},"18":{"start":{"line":48,"column":4},"end":{"line":48,"column":68}},"19":{"start":{"line":60,"column":19},"end":{"line":99,"column":1}},"20":{"start":{"line":61,"column":19},"end":{"line":61,"column":85}},"21":{"start":{"line":62,"column":20},"end":{"line":62,"column":56}},"22":{"start":{"line":63,"column":19},"end":{"line":63,"column":32}},"23":{"start":{"line":65,"column":20},"end":{"line":65,"column":62}},"24":{"start":{"line":66,"column":18},"end":{"line":66,"column":53}},"25":{"start":{"line":67,"column":24},"end":{"line":67,"column":77}},"26":{"start":{"line":69,"column":4},"end":{"line":89,"column":5}},"27":{"start":{"line":71,"column":22},"end":{"line":74,"column":9}},"28":{"start":{"line":76,"column":19},"end":{"line":76,"column":81}},"29":{"start":{"line":78,"column":8},"end":{"line":82,"column":10}},"30":{"start":{"line":79,"column":12},"end":{"line":81,"column":13}},"31":{"start":{"line":80,"column":16},"end":{"line":80,"column":31}},"32":{"start":{"line":84,"column":22},"end":{"line":84,"column":26}},"33":{"start":{"line":86,"column":23},"end":{"line":86,"column":91}},"34":{"start":{"line":88,"column":8},"end":{"line":88,"column":34}},"35":{"start":{"line":91,"column":4},"end":{"line":93,"column":5}},"36":{"start":{"line":92,"column":8},"end":{"line":92,"column":80}},"37":{"start":{"line":94,"column":4},"end":{"line":96,"column":5}},"38":{"start":{"line":95,"column":8},"end":{"line":95,"column":98}},"39":{"start":{"line":98,"column":4},"end":{"line":98,"column":69}},"40":{"start":{"line":106,"column":18},"end":{"line":123,"column":1}},"41":{"start":{"line":107,"column":19},"end":{"line":107,"column":86}},"42":{"start":{"line":108,"column":20},"end":{"line":108,"column":56}},"43":{"start":{"line":110,"column":19},"end":{"line":110,"column":36}},"44":{"start":{"line":111,"column":19},"end":{"line":111,"column":57}},"45":{"start":{"line":112,"column":23},"end":{"line":112,"column":76}},"46":{"start":{"line":114,"column":4},"end":{"line":120,"column":5}},"47":{"start":{"line":116,"column":19},"end":{"line":118,"column":9}},"48":{"start":{"line":119,"column":8},"end":{"line":119,"column":79}},"49":{"start":{"line":122,"column":4},"end":{"line":122,"column":91}},"50":{"start":{"line":132,"column":22},"end":{"line":149,"column":1}},"51":{"start":{"line":133,"column":12},"end":{"line":133,"column":48}},"52":{"start":{"line":135,"column":17},"end":{"line":135,"column":85}},"53":{"start":{"line":137,"column":4},"end":{"line":145,"column":5}},"54":{"start":{"line":138,"column":17},"end":{"line":138,"column":30}},"55":{"start":{"line":139,"column":19},"end":{"line":142,"column":9}},"56":{"start":{"line":144,"column":8},"end":{"line":144,"column":84}},"57":{"start":{"line":147,"column":4},"end":{"line":147,"column":62}},"58":{"start":{"line":159,"column":23},"end":{"line":174,"column":1}},"59":{"start":{"line":161,"column":18},"end":{"line":161,"column":84}},"60":{"start":{"line":162,"column":19},"end":{"line":162,"column":55}},"61":{"start":{"line":164,"column":15},"end":{"line":164,"column":87}},"62":{"start":{"line":165,"column":4},"end":{"line":165,"column":33}},"63":{"start":{"line":167,"column":13},"end":{"line":171,"column":5}},"64":{"start":{"line":173,"column":4},"end":{"line":173,"column":79}},"65":{"start":{"line":185,"column":18},"end":{"line":290,"column":1}},"66":{"start":{"line":187,"column":18},"end":{"line":187,"column":26}},"67":{"start":{"line":189,"column":15},"end":{"line":189,"column":29}},"68":{"start":{"line":190,"column":19},"end":{"line":190,"column":55}},"69":{"start":{"line":191,"column":18},"end":{"line":191,"column":35}},"70":{"start":{"line":197,"column":17},"end":{"line":197,"column":66}},"71":{"start":{"line":198,"column":4},"end":{"line":200,"column":5}},"72":{"start":{"line":199,"column":8},"end":{"line":199,"column":88}},"73":{"start":{"line":202,"column":4},"end":{"line":202,"column":29}},"74":{"start":{"line":204,"column":4},"end":{"line":216,"column":5}},"75":{"start":{"line":205,"column":8},"end":{"line":205,"column":54}},"76":{"start":{"line":207,"column":8},"end":{"line":211,"column":10}},"77":{"start":{"line":208,"column":12},"end":{"line":210,"column":13}},"78":{"start":{"line":209,"column":16},"end":{"line":209,"column":41}},"79":{"start":{"line":214,"column":8},"end":{"line":214,"column":27}},"80":{"start":{"line":215,"column":8},"end":{"line":215,"column":28}},"81":{"start":{"line":219,"column":18},"end":{"line":219,"column":44}},"82":{"start":{"line":221,"column":30},"end":{"line":225,"column":5}},"83":{"start":{"line":230,"column":4},"end":{"line":285,"column":5}},"84":{"start":{"line":231,"column":8},"end":{"line":276,"column":31}},"85":{"start":{"line":232,"column":31},"end":{"line":232,"column":64}},"86":{"start":{"line":233,"column":12},"end":{"line":233,"column":73}},"87":{"start":{"line":235,"column":21},"end":{"line":247,"column":13}},"88":{"start":{"line":249,"column":28},"end":{"line":249,"column":74}},"89":{"start":{"line":251,"column":12},"end":{"line":251,"column":42}},"90":{"start":{"line":253,"column":27},"end":{"line":256,"column":13}},"91":{"start":{"line":257,"column":25},"end":{"line":266,"column":13}},"92":{"start":{"line":267,"column":29},"end":{"line":267,"column":92}},"93":{"start":{"line":269,"column":12},"end":{"line":273,"column":13}},"94":{"start":{"line":274,"column":12},"end":{"line":274,"column":31}},"95":{"start":{"line":279,"column":8},"end":{"line":281,"column":9}},"96":{"start":{"line":280,"column":12},"end":{"line":280,"column":76}},"97":{"start":{"line":284,"column":8},"end":{"line":284,"column":35}},"98":{"start":{"line":288,"column":4},"end":{"line":288,"column":98}},"99":{"start":{"line":304,"column":18},"end":{"line":430,"column":1}},"100":{"start":{"line":306,"column":25},"end":{"line":306,"column":140}},"101":{"start":{"line":309,"column":18},"end":{"line":309,"column":26}},"102":{"start":{"line":310,"column":19},"end":{"line":310,"column":55}},"103":{"start":{"line":311,"column":18},"end":{"line":311,"column":47}},"104":{"start":{"line":313,"column":20},"end":{"line":313,"column":22}},"105":{"start":{"line":314,"column":27},"end":{"line":314,"column":28}},"106":{"start":{"line":315,"column":26},"end":{"line":315,"column":31}},"107":{"start":{"line":316,"column":19},"end":{"line":316,"column":23}},"108":{"start":{"line":317,"column":22},"end":{"line":317,"column":27}},"109":{"start":{"line":319,"column":17},"end":{"line":319,"column":118}},"110":{"start":{"line":321,"column":4},"end":{"line":326,"column":7}},"111":{"start":{"line":322,"column":8},"end":{"line":324,"column":9}},"112":{"start":{"line":323,"column":12},"end":{"line":323,"column":31}},"113":{"start":{"line":328,"column":14},"end":{"line":328,"column":59}},"114":{"start":{"line":330,"column":4},"end":{"line":357,"column":6}},"115":{"start":{"line":332,"column":8},"end":{"line":356,"column":9}},"116":{"start":{"line":334,"column":12},"end":{"line":354,"column":13}},"117":{"start":{"line":337,"column":16},"end":{"line":350,"column":18}},"118":{"start":{"line":339,"column":20},"end":{"line":344,"column":21}},"119":{"start":{"line":340,"column":24},"end":{"line":340,"column":60}},"120":{"start":{"line":341,"column":24},"end":{"line":343,"column":25}},"121":{"start":{"line":342,"column":28},"end":{"line":342,"column":52}},"122":{"start":{"line":345,"column":20},"end":{"line":349,"column":21}},"123":{"start":{"line":347,"column":24},"end":{"line":347,"column":41}},"124":{"start":{"line":353,"column":16},"end":{"line":353,"column":64}},"125":{"start":{"line":360,"column":4},"end":{"line":364,"column":5}},"126":{"start":{"line":362,"column":8},"end":{"line":362,"column":29}},"127":{"start":{"line":363,"column":8},"end":{"line":363,"column":36}},"128":{"start":{"line":367,"column":19},"end":{"line":367,"column":45}},"129":{"start":{"line":369,"column":24},"end":{"line":371,"column":5}},"130":{"start":{"line":373,"column":4},"end":{"line":424,"column":5}},"131":{"start":{"line":374,"column":8},"end":{"line":417,"column":25}},"132":{"start":{"line":376,"column":34},"end":{"line":378,"column":13}},"133":{"start":{"line":379,"column":32},"end":{"line":381,"column":13}},"134":{"start":{"line":383,"column":26},"end":{"line":383,"column":101}},"135":{"start":{"line":385,"column":27},"end":{"line":385,"column":44}},"136":{"start":{"line":386,"column":25},"end":{"line":386,"column":27}},"137":{"start":{"line":388,"column":12},"end":{"line":400,"column":13}},"138":{"start":{"line":390,"column":16},"end":{"line":390,"column":65}},"139":{"start":{"line":391,"column":39},"end":{"line":391,"column":41}},"140":{"start":{"line":392,"column":16},"end":{"line":396,"column":18}},"141":{"start":{"line":394,"column":35},"end":{"line":394,"column":67}},"142":{"start":{"line":395,"column":20},"end":{"line":395,"column":68}},"143":{"start":{"line":398,"column":16},"end":{"line":398,"column":53}},"144":{"start":{"line":403,"column":29},"end":{"line":403,"column":33}},"145":{"start":{"line":404,"column":12},"end":{"line":409,"column":13}},"146":{"start":{"line":405,"column":16},"end":{"line":405,"column":100}},"147":{"start":{"line":406,"column":33},"end":{"line":406,"column":120}},"148":{"start":{"line":407,"column":33},"end":{"line":407,"column":112}},"149":{"start":{"line":408,"column":16},"end":{"line":408,"column":93}},"150":{"start":{"line":411,"column":12},"end":{"line":413,"column":13}},"151":{"start":{"line":412,"column":31},"end":{"line":412,"column":107}},"152":{"start":{"line":420,"column":8},"end":{"line":420,"column":70}},"153":{"start":{"line":423,"column":7},"end":{"line":423,"column":34}},"154":{"start":{"line":426,"column":13},"end":{"line":426,"column":29}},"155":{"start":{"line":427,"column":14},"end":{"line":427,"column":59}},"156":{"start":{"line":429,"column":4},"end":{"line":429,"column":74}},"157":{"start":{"line":441,"column":19},"end":{"line":501,"column":1}},"158":{"start":{"line":443,"column":18},"end":{"line":443,"column":26}},"159":{"start":{"line":444,"column":12},"end":{"line":444,"column":41}},"160":{"start":{"line":445,"column":19},"end":{"line":445,"column":55}},"161":{"start":{"line":446,"column":18},"end":{"line":446,"column":96}},"162":{"start":{"line":448,"column":14},"end":{"line":448,"column":54}},"163":{"start":{"line":450,"column":4},"end":{"line":452,"column":5}},"164":{"start":{"line":451,"column":8},"end":{"line":451,"column":86}},"165":{"start":{"line":455,"column":17},"end":{"line":455,"column":43}},"166":{"start":{"line":457,"column":4},"end":{"line":494,"column":5}},"167":{"start":{"line":458,"column":8},"end":{"line":485,"column":10}},"168":{"start":{"line":460,"column":24},"end":{"line":460,"column":73}},"169":{"start":{"line":461,"column":30},"end":{"line":461,"column":35}},"170":{"start":{"line":463,"column":12},"end":{"line":467,"column":15}},"171":{"start":{"line":464,"column":16},"end":{"line":466,"column":17}},"172":{"start":{"line":465,"column":20},"end":{"line":465,"column":38}},"173":{"start":{"line":469,"column":37},"end":{"line":471,"column":13}},"174":{"start":{"line":472,"column":36},"end":{"line":474,"column":13}},"175":{"start":{"line":475,"column":39},"end":{"line":475,"column":65}},"176":{"start":{"line":477,"column":12},"end":{"line":479,"column":13}},"177":{"start":{"line":478,"column":16},"end":{"line":478,"column":83}},"178":{"start":{"line":481,"column":28},"end":{"line":481,"column":140}},"179":{"start":{"line":482,"column":26},"end":{"line":482,"column":68}},"180":{"start":{"line":488,"column":8},"end":{"line":490,"column":9}},"181":{"start":{"line":489,"column":12},"end":{"line":489,"column":75}},"182":{"start":{"line":493,"column":8},"end":{"line":493,"column":29}},"183":{"start":{"line":496,"column":13},"end":{"line":498,"column":5}},"184":{"start":{"line":500,"column":4},"end":{"line":500,"column":74}},"185":{"start":{"line":510,"column":22},"end":{"line":524,"column":1}},"186":{"start":{"line":512,"column":20},"end":{"line":512,"column":49}},"187":{"start":{"line":514,"column":22},"end":{"line":514,"column":73}},"188":{"start":{"line":515,"column":4},"end":{"line":515,"column":47}},"189":{"start":{"line":517,"column":13},"end":{"line":520,"column":5}},"190":{"start":{"line":523,"column":4},"end":{"line":523,"column":94}},"191":{"start":{"line":527,"column":0},"end":{"line":537,"column":1}}},"fnMap":{"0":{"name":"(anonymous_0)","decl":{"start":{"line":17,"column":18},"end":{"line":17,"column":19}},"loc":{"start":{"line":17,"column":35},"end":{"line":49,"column":1}},"line":17},"1":{"name":"(anonymous_1)","decl":{"start":{"line":60,"column":19},"end":{"line":60,"column":20}},"loc":{"start":{"line":60,"column":36},"end":{"line":99,"column":1}},"line":60},"2":{"name":"(anonymous_2)","decl":{"start":{"line":78,"column":24},"end":{"line":78,"column":25}},"loc":{"start":{"line":78,"column":33},"end":{"line":82,"column":9}},"line":78},"3":{"name":"(anonymous_3)","decl":{"start":{"line":106,"column":18},"end":{"line":106,"column":19}},"loc":{"start":{"line":106,"column":35},"end":{"line":123,"column":1}},"line":106},"4":{"name":"(anonymous_4)","decl":{"start":{"line":132,"column":22},"end":{"line":132,"column":23}},"loc":{"start":{"line":132,"column":39},"end":{"line":149,"column":1}},"line":132},"5":{"name":"(anonymous_5)","decl":{"start":{"line":159,"column":23},"end":{"line":159,"column":24}},"loc":{"start":{"line":159,"column":40},"end":{"line":174,"column":1}},"line":159},"6":{"name":"(anonymous_6)","decl":{"start":{"line":185,"column":18},"end":{"line":185,"column":19}},"loc":{"start":{"line":185,"column":35},"end":{"line":290,"column":1}},"line":185},"7":{"name":"(anonymous_7)","decl":{"start":{"line":207,"column":26},"end":{"line":207,"column":27}},"loc":{"start":{"line":207,"column":35},"end":{"line":211,"column":9}},"line":207},"8":{"name":"(anonymous_8)","decl":{"start":{"line":231,"column":38},"end":{"line":231,"column":39}},"loc":{"start":{"line":231,"column":48},"end":{"line":276,"column":9}},"line":231},"9":{"name":"(anonymous_9)","decl":{"start":{"line":304,"column":18},"end":{"line":304,"column":19}},"loc":{"start":{"line":304,"column":35},"end":{"line":430,"column":1}},"line":304},"10":{"name":"(anonymous_10)","decl":{"start":{"line":321,"column":37},"end":{"line":321,"column":38}},"loc":{"start":{"line":321,"column":43},"end":{"line":326,"column":5}},"line":321},"11":{"name":"(anonymous_11)","decl":{"start":{"line":330,"column":24},"end":{"line":330,"column":25}},"loc":{"start":{"line":330,"column":33},"end":{"line":357,"column":5}},"line":330},"12":{"name":"(anonymous_12)","decl":{"start":{"line":337,"column":34},"end":{"line":337,"column":35}},"loc":{"start":{"line":337,"column":41},"end":{"line":350,"column":17}},"line":337},"13":{"name":"(anonymous_13)","decl":{"start":{"line":374,"column":38},"end":{"line":374,"column":39}},"loc":{"start":{"line":374,"column":48},"end":{"line":417,"column":9}},"line":374},"14":{"name":"(anonymous_14)","decl":{"start":{"line":392,"column":45},"end":{"line":392,"column":46}},"loc":{"start":{"line":392,"column":50},"end":{"line":396,"column":17}},"line":392},"15":{"name":"(anonymous_15)","decl":{"start":{"line":441,"column":19},"end":{"line":441,"column":20}},"loc":{"start":{"line":441,"column":36},"end":{"line":501,"column":1}},"line":441},"16":{"name":"(anonymous_16)","decl":{"start":{"line":458,"column":38},"end":{"line":458,"column":39}},"loc":{"start":{"line":458,"column":48},"end":{"line":485,"column":9}},"line":458},"17":{"name":"(anonymous_17)","decl":{"start":{"line":463,"column":45},"end":{"line":463,"column":46}},"loc":{"start":{"line":463,"column":54},"end":{"line":467,"column":13}},"line":463},"18":{"name":"(anonymous_18)","decl":{"start":{"line":510,"column":22},"end":{"line":510,"column":23}},"loc":{"start":{"line":510,"column":39},"end":{"line":524,"column":1}},"line":510}},"branchMap":{"0":{"loc":{"start":{"line":33,"column":4},"end":{"line":45,"column":5}},"type":"if","locations":[{"start":{"line":33,"column":4},"end":{"line":45,"column":5}},{"start":{},"end":{}}],"line":33},"1":{"loc":{"start":{"line":61,"column":19},"end":{"line":61,"column":85}},"type":"cond-expr","locations":[{"start":{"line":61,"column":45},"end":{"line":61,"column":53}},{"start":{"line":61,"column":56},"end":{"line":61,"column":85}}],"line":61},"2":{"loc":{"start":{"line":69,"column":4},"end":{"line":89,"column":5}},"type":"if","locations":[{"start":{"line":69,"column":4},"end":{"line":89,"column":5}},{"start":{},"end":{}}],"line":69},"3":{"loc":{"start":{"line":79,"column":12},"end":{"line":81,"column":13}},"type":"if","locations":[{"start":{"line":79,"column":12},"end":{"line":81,"column":13}},{"start":{},"end":{}}],"line":79},"4":{"loc":{"start":{"line":91,"column":4},"end":{"line":93,"column":5}},"type":"if","locations":[{"start":{"line":91,"column":4},"end":{"line":93,"column":5}},{"start":{},"end":{}}],"line":91},"5":{"loc":{"start":{"line":91,"column":7},"end":{"line":91,"column":73}},"type":"binary-expr","locations":[{"start":{"line":91,"column":7},"end":{"line":91,"column":38}},{"start":{"line":91,"column":42},"end":{"line":91,"column":73}}],"line":91},"6":{"loc":{"start":{"line":94,"column":4},"end":{"line":96,"column":5}},"type":"if","locations":[{"start":{"line":94,"column":4},"end":{"line":96,"column":5}},{"start":{},"end":{}}],"line":94},"7":{"loc":{"start":{"line":107,"column":19},"end":{"line":107,"column":86}},"type":"cond-expr","locations":[{"start":{"line":107,"column":46},"end":{"line":107,"column":54}},{"start":{"line":107,"column":57},"end":{"line":107,"column":86}}],"line":107},"8":{"loc":{"start":{"line":114,"column":4},"end":{"line":120,"column":5}},"type":"if","locations":[{"start":{"line":114,"column":4},"end":{"line":120,"column":5}},{"start":{},"end":{}}],"line":114},"9":{"loc":{"start":{"line":137,"column":4},"end":{"line":145,"column":5}},"type":"if","locations":[{"start":{"line":137,"column":4},"end":{"line":145,"column":5}},{"start":{},"end":{}}],"line":137},"10":{"loc":{"start":{"line":161,"column":18},"end":{"line":161,"column":84}},"type":"cond-expr","locations":[{"start":{"line":161,"column":44},"end":{"line":161,"column":52}},{"start":{"line":161,"column":55},"end":{"line":161,"column":84}}],"line":161},"11":{"loc":{"start":{"line":198,"column":4},"end":{"line":200,"column":5}},"type":"if","locations":[{"start":{"line":198,"column":4},"end":{"line":200,"column":5}},{"start":{},"end":{}}],"line":198},"12":{"loc":{"start":{"line":204,"column":4},"end":{"line":216,"column":5}},"type":"if","locations":[{"start":{"line":204,"column":4},"end":{"line":216,"column":5}},{"start":{"line":213,"column":9},"end":{"line":216,"column":5}}],"line":204},"13":{"loc":{"start":{"line":208,"column":12},"end":{"line":210,"column":13}},"type":"if","locations":[{"start":{"line":208,"column":12},"end":{"line":210,"column":13}},{"start":{},"end":{}}],"line":208},"14":{"loc":{"start":{"line":279,"column":8},"end":{"line":281,"column":9}},"type":"if","locations":[{"start":{"line":279,"column":8},"end":{"line":281,"column":9}},{"start":{},"end":{}}],"line":279},"15":{"loc":{"start":{"line":322,"column":8},"end":{"line":324,"column":9}},"type":"if","locations":[{"start":{"line":322,"column":8},"end":{"line":324,"column":9}},{"start":{},"end":{}}],"line":322},"16":{"loc":{"start":{"line":332,"column":8},"end":{"line":356,"column":9}},"type":"if","locations":[{"start":{"line":332,"column":8},"end":{"line":356,"column":9}},{"start":{},"end":{}}],"line":332},"17":{"loc":{"start":{"line":334,"column":12},"end":{"line":354,"column":13}},"type":"if","locations":[{"start":{"line":334,"column":12},"end":{"line":354,"column":13}},{"start":{"line":352,"column":17},"end":{"line":354,"column":13}}],"line":334},"18":{"loc":{"start":{"line":339,"column":20},"end":{"line":344,"column":21}},"type":"if","locations":[{"start":{"line":339,"column":20},"end":{"line":344,"column":21}},{"start":{},"end":{}}],"line":339},"19":{"loc":{"start":{"line":341,"column":24},"end":{"line":343,"column":25}},"type":"if","locations":[{"start":{"line":341,"column":24},"end":{"line":343,"column":25}},{"start":{},"end":{}}],"line":341},"20":{"loc":{"start":{"line":345,"column":20},"end":{"line":349,"column":21}},"type":"if","locations":[{"start":{"line":345,"column":20},"end":{"line":349,"column":21}},{"start":{},"end":{}}],"line":345},"21":{"loc":{"start":{"line":360,"column":4},"end":{"line":364,"column":5}},"type":"if","locations":[{"start":{"line":360,"column":4},"end":{"line":364,"column":5}},{"start":{},"end":{}}],"line":360},"22":{"loc":{"start":{"line":360,"column":7},"end":{"line":360,"column":71}},"type":"binary-expr","locations":[{"start":{"line":360,"column":7},"end":{"line":360,"column":29}},{"start":{"line":360,"column":33},"end":{"line":360,"column":50}},{"start":{"line":360,"column":54},"end":{"line":360,"column":71}}],"line":360},"23":{"loc":{"start":{"line":388,"column":12},"end":{"line":400,"column":13}},"type":"if","locations":[{"start":{"line":388,"column":12},"end":{"line":400,"column":13}},{"start":{},"end":{}}],"line":388},"24":{"loc":{"start":{"line":404,"column":12},"end":{"line":409,"column":13}},"type":"if","locations":[{"start":{"line":404,"column":12},"end":{"line":409,"column":13}},{"start":{},"end":{}}],"line":404},"25":{"loc":{"start":{"line":404,"column":15},"end":{"line":404,"column":82}},"type":"binary-expr","locations":[{"start":{"line":404,"column":15},"end":{"line":404,"column":36}},{"start":{"line":404,"column":40},"end":{"line":404,"column":57}},{"start":{"line":404,"column":61},"end":{"line":404,"column":82}}],"line":404},"26":{"loc":{"start":{"line":406,"column":33},"end":{"line":406,"column":120}},"type":"cond-expr","locations":[{"start":{"line":406,"column":70},"end":{"line":406,"column":78}},{"start":{"line":406,"column":81},"end":{"line":406,"column":120}}],"line":406},"27":{"loc":{"start":{"line":407,"column":33},"end":{"line":407,"column":112}},"type":"cond-expr","locations":[{"start":{"line":407,"column":66},"end":{"line":407,"column":74}},{"start":{"line":407,"column":77},"end":{"line":407,"column":112}}],"line":407},"28":{"loc":{"start":{"line":411,"column":12},"end":{"line":413,"column":13}},"type":"if","locations":[{"start":{"line":411,"column":12},"end":{"line":413,"column":13}},{"start":{},"end":{}}],"line":411},"29":{"loc":{"start":{"line":446,"column":18},"end":{"line":446,"column":96}},"type":"cond-expr","locations":[{"start":{"line":446,"column":50},"end":{"line":446,"column":58}},{"start":{"line":446,"column":61},"end":{"line":446,"column":96}}],"line":446},"30":{"loc":{"start":{"line":450,"column":4},"end":{"line":452,"column":5}},"type":"if","locations":[{"start":{"line":450,"column":4},"end":{"line":452,"column":5}},{"start":{},"end":{}}],"line":450},"31":{"loc":{"start":{"line":450,"column":7},"end":{"line":450,"column":53}},"type":"binary-expr","locations":[{"start":{"line":450,"column":7},"end":{"line":450,"column":12}},{"start":{"line":450,"column":16},"end":{"line":450,"column":53}}],"line":450},"32":{"loc":{"start":{"line":464,"column":16},"end":{"line":466,"column":17}},"type":"if","locations":[{"start":{"line":464,"column":16},"end":{"line":466,"column":17}},{"start":{},"end":{}}],"line":464},"33":{"loc":{"start":{"line":477,"column":12},"end":{"line":479,"column":13}},"type":"if","locations":[{"start":{"line":477,"column":12},"end":{"line":479,"column":13}},{"start":{},"end":{}}],"line":477},"34":{"loc":{"start":{"line":488,"column":8},"end":{"line":490,"column":9}},"type":"if","locations":[{"start":{"line":488,"column":8},"end":{"line":490,"column":9}},{"start":{},"end":{}}],"line":488}},"s":{"0":3,"1":3,"2":3,"3":3,"4":3,"5":3,"6":2,"7":2,"8":2,"9":2,"10":2,"11":2,"12":2,"13":2,"14":1,"15":1,"16":1,"17":1,"18":1,"19":3,"20":4,"21":4,"22":4,"23":4,"24":4,"25":4,"26":4,"27":1,"28":1,"29":1,"30":2,"31":1,"32":1,"33":1,"34":1,"35":3,"36":2,"37":1,"38":1,"39":0,"40":3,"41":2,"42":2,"43":2,"44":2,"45":2,"46":2,"47":1,"48":1,"49":1,"50":3,"51":0,"52":0,"53":0,"54":0,"55":0,"56":0,"57":0,"58":3,"59":0,"60":0,"61":0,"62":0,"63":0,"64":0,"65":3,"66":0,"67":0,"68":0,"69":0,"70":0,"71":0,"72":0,"73":0,"74":0,"75":0,"76":0,"77":0,"78":0,"79":0,"80":0,"81":0,"82":0,"83":0,"84":0,"85":0,"86":0,"87":0,"88":0,"89":0,"90":0,"91":0,"92":0,"93":0,"94":0,"95":0,"96":0,"97":0,"98":0,"99":3,"100":0,"101":0,"102":0,"103":0,"104":0,"105":0,"106":0,"107":0,"108":0,"109":0,"110":0,"111":0,"112":0,"113":0,"114":0,"115":0,"116":0,"117":0,"118":0,"119":0,"120":0,"121":0,"122":0,"123":0,"124":0,"125":0,"126":0,"127":0,"128":0,"129":0,"130":0,"131":0,"132":0,"133":0,"134":0,"135":0,"136":0,"137":0,"138":0,"139":0,"140":0,"141":0,"142":0,"143":0,"144":0,"145":0,"146":0,"147":0,"148":0,"149":0,"150":0,"151":0,"152":0,"153":0,"154":0,"155":0,"156":0,"157":3,"158":0,"159":0,"160":0,"161":0,"162":0,"163":0,"164":0,"165":0,"166":0,"167":0,"168":0,"169":0,"170":0,"171":0,"172":0,"173":0,"174":0,"175":0,"176":0,"177":0,"178":0,"179":0,"180":0,"181":0,"182":0,"183":0,"184":0,"185":3,"186":0,"187":0,"188":0,"189":0,"190":0,"191":3},"f":{"0":2,"1":4,"2":2,"3":2,"4":0,"5":0,"6":0,"7":0,"8":0,"9":0,"10":0,"11":0,"12":0,"13":0,"14":0,"15":0,"16":0,"17":0,"18":0},"b":{"0":[1,1],"1":[3,1],"2":[1,3],"3":[1,1],"4":[2,1],"5":[3,2],"6":[1,0],"7":[1,1],"8":[1,1],"9":[0,0],"10":[0,0],"11":[0,0],"12":[0,0],"13":[0,0],"14":[0,0],"15":[0,0],"16":[0,0],"17":[0,0],"18":[0,0],"19":[0,0],"20":[0,0],"21":[0,0],"22":[0,0,0],"23":[0,0],"24":[0,0],"25":[0,0,0],"26":[0,0],"27":[0,0],"28":[0,0],"29":[0,0],"30":[0,0],"31":[0,0],"32":[0,0],"33":[0,0],"34":[0,0]},"_coverageSchema":"1a1c01bbd47fc00a2c39e90264f33305004495a9","hash":"3499e9e1b659c1733740460fba4a5af025a68306"}
,"D:\\Learn Nodjs\\integrate-develop\\in-progress\\src\\src\\controllers\\commonController\\commonController.js": {"path":"D:\\Learn Nodjs\\integrate-develop\\in-progress\\src\\src\\controllers\\commonController\\commonController.js","statementMap":{"0":{"start":{"line":10,"column":23},"end":{"line":27,"column":1}},"1":{"start":{"line":12,"column":13},"end":{"line":15,"column":5}},"2":{"start":{"line":18,"column":4},"end":{"line":20,"column":5}},"3":{"start":{"line":19,"column":8},"end":{"line":19,"column":25}},"4":{"start":{"line":22,"column":4},"end":{"line":24,"column":5}},"5":{"start":{"line":23,"column":8},"end":{"line":23,"column":25}},"6":{"start":{"line":26,"column":4},"end":{"line":26,"column":16}},"7":{"start":{"line":34,"column":26},"end":{"line":39,"column":1}},"8":{"start":{"line":35,"column":4},"end":{"line":38,"column":5}},"9":{"start":{"line":42,"column":0},"end":{"line":45,"column":1}}},"fnMap":{"0":{"name":"(anonymous_0)","decl":{"start":{"line":10,"column":23},"end":{"line":10,"column":24}},"loc":{"start":{"line":10,"column":67},"end":{"line":27,"column":1}},"line":10},"1":{"name":"(anonymous_1)","decl":{"start":{"line":34,"column":26},"end":{"line":34,"column":27}},"loc":{"start":{"line":34,"column":63},"end":{"line":39,"column":1}},"line":34}},"branchMap":{"0":{"loc":{"start":{"line":10,"column":24},"end":{"line":10,"column":36}},"type":"default-arg","locations":[{"start":{"line":10,"column":33},"end":{"line":10,"column":36}}],"line":10},"1":{"loc":{"start":{"line":10,"column":45},"end":{"line":10,"column":54}},"type":"default-arg","locations":[{"start":{"line":10,"column":50},"end":{"line":10,"column":54}}],"line":10},"2":{"loc":{"start":{"line":10,"column":55},"end":{"line":10,"column":64}},"type":"default-arg","locations":[{"start":{"line":10,"column":60},"end":{"line":10,"column":64}}],"line":10},"3":{"loc":{"start":{"line":18,"column":4},"end":{"line":20,"column":5}},"type":"if","locations":[{"start":{"line":18,"column":4},"end":{"line":20,"column":5}},{"start":{},"end":{}}],"line":18},"4":{"loc":{"start":{"line":22,"column":4},"end":{"line":24,"column":5}},"type":"if","locations":[{"start":{"line":22,"column":4},"end":{"line":24,"column":5}},{"start":{},"end":{}}],"line":22},"5":{"loc":{"start":{"line":34,"column":27},"end":{"line":34,"column":37}},"type":"default-arg","locations":[{"start":{"line":34,"column":34},"end":{"line":34,"column":37}}],"line":34},"6":{"loc":{"start":{"line":34,"column":38},"end":{"line":34,"column":60}},"type":"default-arg","locations":[{"start":{"line":34,"column":46},"end":{"line":34,"column":60}}],"line":34}},"s":{"0":3,"1":24,"2":24,"3":13,"4":24,"5":11,"6":24,"7":3,"8":6,"9":3},"f":{"0":24,"1":6},"b":{"0":[0],"1":[11],"2":[12],"3":[13,11],"4":[11,13],"5":[0],"6":[0]},"_coverageSchema":"1a1c01bbd47fc00a2c39e90264f33305004495a9","hash":"0b23b91155ae3269500e63a0ae432b7086579813"}
,"D:\\Learn Nodjs\\integrate-develop\\in-progress\\src\\src\\controllers\\users\\userController.js": {"path":"D:\\Learn Nodjs\\integrate-develop\\in-progress\\src\\src\\controllers\\users\\userController.js","statementMap":{"0":{"start":{"line":1,"column":46},"end":{"line":1,"column":93}},"1":{"start":{"line":2,"column":22},"end":{"line":2,"column":74}},"2":{"start":{"line":5,"column":25},"end":{"line":5,"column":51}},"3":{"start":{"line":15,"column":16},"end":{"line":42,"column":1}},"4":{"start":{"line":17,"column":12},"end":{"line":17,"column":23}},"5":{"start":{"line":18,"column":17},"end":{"line":18,"column":33}},"6":{"start":{"line":19,"column":21},"end":{"line":19,"column":83}},"7":{"start":{"line":21,"column":22},"end":{"line":21,"column":75}},"8":{"start":{"line":23,"column":4},"end":{"line":25,"column":5}},"9":{"start":{"line":24,"column":8},"end":{"line":24,"column":71}},"10":{"start":{"line":27,"column":4},"end":{"line":29,"column":5}},"11":{"start":{"line":28,"column":8},"end":{"line":28,"column":88}},"12":{"start":{"line":31,"column":4},"end":{"line":33,"column":5}},"13":{"start":{"line":32,"column":8},"end":{"line":32,"column":84}},"14":{"start":{"line":35,"column":13},"end":{"line":37,"column":5}},"15":{"start":{"line":38,"column":14},"end":{"line":38,"column":47}},"16":{"start":{"line":40,"column":4},"end":{"line":40,"column":84}},"17":{"start":{"line":51,"column":16},"end":{"line":63,"column":1}},"18":{"start":{"line":53,"column":13},"end":{"line":53,"column":24}},"19":{"start":{"line":54,"column":17},"end":{"line":54,"column":33}},"20":{"start":{"line":56,"column":15},"end":{"line":56,"column":53}},"21":{"start":{"line":58,"column":4},"end":{"line":60,"column":5}},"22":{"start":{"line":59,"column":8},"end":{"line":59,"column":70}},"23":{"start":{"line":62,"column":4},"end":{"line":62,"column":61}},"24":{"start":{"line":72,"column":19},"end":{"line":84,"column":1}},"25":{"start":{"line":74,"column":13},"end":{"line":74,"column":24}},"26":{"start":{"line":75,"column":17},"end":{"line":75,"column":33}},"27":{"start":{"line":77,"column":18},"end":{"line":77,"column":59}},"28":{"start":{"line":79,"column":4},"end":{"line":81,"column":5}},"29":{"start":{"line":80,"column":8},"end":{"line":80,"column":73}},"30":{"start":{"line":83,"column":4},"end":{"line":83,"column":64}},"31":{"start":{"line":92,"column":23},"end":{"line":100,"column":1}},"32":{"start":{"line":93,"column":13},"end":{"line":93,"column":26}},"33":{"start":{"line":94,"column":23},"end":{"line":94,"column":63}},"34":{"start":{"line":96,"column":13},"end":{"line":98,"column":5}},"35":{"start":{"line":99,"column":4},"end":{"line":99,"column":80}},"36":{"start":{"line":109,"column":22},"end":{"line":122,"column":1}},"37":{"start":{"line":110,"column":17},"end":{"line":110,"column":30}},"38":{"start":{"line":111,"column":23},"end":{"line":111,"column":75}},"39":{"start":{"line":113,"column":8},"end":{"line":113,"column":66}},"40":{"start":{"line":115,"column":17},"end":{"line":119,"column":9}},"41":{"start":{"line":121,"column":8},"end":{"line":121,"column":78}},"42":{"start":{"line":130,"column":15},"end":{"line":139,"column":1}},"43":{"start":{"line":131,"column":20},"end":{"line":131,"column":35}},"44":{"start":{"line":132,"column":17},"end":{"line":132,"column":56}},"45":{"start":{"line":134,"column":13},"end":{"line":136,"column":5}},"46":{"start":{"line":138,"column":4},"end":{"line":138,"column":72}},"47":{"start":{"line":147,"column":21},"end":{"line":154,"column":1}},"48":{"start":{"line":149,"column":16},"end":{"line":149,"column":31}},"49":{"start":{"line":151,"column":17},"end":{"line":151,"column":58}},"50":{"start":{"line":153,"column":4},"end":{"line":153,"column":61}},"51":{"start":{"line":156,"column":0},"end":{"line":164,"column":1}}},"fnMap":{"0":{"name":"(anonymous_0)","decl":{"start":{"line":15,"column":16},"end":{"line":15,"column":17}},"loc":{"start":{"line":15,"column":33},"end":{"line":42,"column":1}},"line":15},"1":{"name":"(anonymous_1)","decl":{"start":{"line":51,"column":16},"end":{"line":51,"column":17}},"loc":{"start":{"line":51,"column":33},"end":{"line":63,"column":1}},"line":51},"2":{"name":"(anonymous_2)","decl":{"start":{"line":72,"column":19},"end":{"line":72,"column":20}},"loc":{"start":{"line":72,"column":36},"end":{"line":84,"column":1}},"line":72},"3":{"name":"(anonymous_3)","decl":{"start":{"line":92,"column":23},"end":{"line":92,"column":24}},"loc":{"start":{"line":92,"column":40},"end":{"line":100,"column":1}},"line":92},"4":{"name":"(anonymous_4)","decl":{"start":{"line":109,"column":22},"end":{"line":109,"column":23}},"loc":{"start":{"line":109,"column":39},"end":{"line":122,"column":1}},"line":109},"5":{"name":"(anonymous_5)","decl":{"start":{"line":130,"column":15},"end":{"line":130,"column":16}},"loc":{"start":{"line":130,"column":32},"end":{"line":139,"column":1}},"line":130},"6":{"name":"(anonymous_6)","decl":{"start":{"line":147,"column":21},"end":{"line":147,"column":22}},"loc":{"start":{"line":147,"column":38},"end":{"line":154,"column":1}},"line":147}},"branchMap":{"0":{"loc":{"start":{"line":19,"column":21},"end":{"line":19,"column":83}},"type":"cond-expr","locations":[{"start":{"line":19,"column":44},"end":{"line":19,"column":64}},{"start":{"line":19,"column":67},"end":{"line":19,"column":83}}],"line":19},"1":{"loc":{"start":{"line":23,"column":4},"end":{"line":25,"column":5}},"type":"if","locations":[{"start":{"line":23,"column":4},"end":{"line":25,"column":5}},{"start":{},"end":{}}],"line":23},"2":{"loc":{"start":{"line":27,"column":4},"end":{"line":29,"column":5}},"type":"if","locations":[{"start":{"line":27,"column":4},"end":{"line":29,"column":5}},{"start":{},"end":{}}],"line":27},"3":{"loc":{"start":{"line":27,"column":7},"end":{"line":27,"column":72}},"type":"binary-expr","locations":[{"start":{"line":27,"column":7},"end":{"line":27,"column":38}},{"start":{"line":27,"column":42},"end":{"line":27,"column":72}}],"line":27},"4":{"loc":{"start":{"line":31,"column":4},"end":{"line":33,"column":5}},"type":"if","locations":[{"start":{"line":31,"column":4},"end":{"line":33,"column":5}},{"start":{},"end":{}}],"line":31},"5":{"loc":{"start":{"line":31,"column":7},"end":{"line":31,"column":71}},"type":"binary-expr","locations":[{"start":{"line":31,"column":7},"end":{"line":31,"column":37}},{"start":{"line":31,"column":41},"end":{"line":31,"column":71}}],"line":31},"6":{"loc":{"start":{"line":58,"column":4},"end":{"line":60,"column":5}},"type":"if","locations":[{"start":{"line":58,"column":4},"end":{"line":60,"column":5}},{"start":{},"end":{}}],"line":58},"7":{"loc":{"start":{"line":79,"column":4},"end":{"line":81,"column":5}},"type":"if","locations":[{"start":{"line":79,"column":4},"end":{"line":81,"column":5}},{"start":{},"end":{}}],"line":79},"8":{"loc":{"start":{"line":111,"column":23},"end":{"line":111,"column":75}},"type":"cond-expr","locations":[{"start":{"line":111,"column":45},"end":{"line":111,"column":64}},{"start":{"line":111,"column":67},"end":{"line":111,"column":75}}],"line":111}},"s":{"0":3,"1":3,"2":3,"3":3,"4":5,"5":5,"6":5,"7":5,"8":5,"9":1,"10":4,"11":1,"12":3,"13":1,"14":2,"15":2,"16":2,"17":3,"18":3,"19":3,"20":3,"21":3,"22":1,"23":2,"24":3,"25":3,"26":3,"27":3,"28":3,"29":2,"30":1,"31":3,"32":4,"33":4,"34":4,"35":4,"36":3,"37":0,"38":0,"39":0,"40":0,"41":0,"42":3,"43":0,"44":0,"45":0,"46":0,"47":3,"48":0,"49":0,"50":0,"51":3},"f":{"0":5,"1":3,"2":3,"3":4,"4":0,"5":0,"6":0},"b":{"0":[1,4],"1":[1,4],"2":[1,3],"3":[4,2],"4":[1,2],"5":[3,1],"6":[1,2],"7":[2,1],"8":[0,0]},"_coverageSchema":"1a1c01bbd47fc00a2c39e90264f33305004495a9","hash":"2c618c9f1c36b5606ea790c5788c92964cdb0791"}
,"D:\\Learn Nodjs\\integrate-develop\\in-progress\\src\\src\\daos\\imple\\admin\\admin_artists_imple.js": {"path":"D:\\Learn Nodjs\\integrate-develop\\in-progress\\src\\src\\daos\\imple\\admin\\admin_artists_imple.js","statementMap":{"0":{"start":{"line":2,"column":15},"end":{"line":2,"column":33}},"1":{"start":{"line":3,"column":19},"end":{"line":3,"column":55}},"2":{"start":{"line":5,"column":26},"end":{"line":5,"column":74}},"3":{"start":{"line":12,"column":14},"end":{"line":26,"column":1}},"4":{"start":{"line":14,"column":20},"end":{"line":14,"column":40}},"5":{"start":{"line":16,"column":20},"end":{"line":18,"column":5}},"6":{"start":{"line":19,"column":17},"end":{"line":23,"column":5}},"7":{"start":{"line":25,"column":4},"end":{"line":25,"column":69}},"8":{"start":{"line":34,"column":16},"end":{"line":39,"column":1}},"9":{"start":{"line":35,"column":19},"end":{"line":35,"column":39}},"10":{"start":{"line":37,"column":4},"end":{"line":37,"column":93}},"11":{"start":{"line":47,"column":16},"end":{"line":60,"column":1}},"12":{"start":{"line":48,"column":20},"end":{"line":48,"column":40}},"13":{"start":{"line":50,"column":20},"end":{"line":52,"column":5}},"14":{"start":{"line":53,"column":17},"end":{"line":57,"column":5}},"15":{"start":{"line":59,"column":4},"end":{"line":59,"column":69}},"16":{"start":{"line":68,"column":13},"end":{"line":82,"column":1}},"17":{"start":{"line":70,"column":20},"end":{"line":70,"column":40}},"18":{"start":{"line":72,"column":20},"end":{"line":74,"column":5}},"19":{"start":{"line":75,"column":17},"end":{"line":79,"column":5}},"20":{"start":{"line":81,"column":4},"end":{"line":81,"column":69}},"21":{"start":{"line":89,"column":14},"end":{"line":93,"column":1}},"22":{"start":{"line":91,"column":4},"end":{"line":91,"column":75}},"23":{"start":{"line":95,"column":0},"end":{"line":101,"column":1}}},"fnMap":{"0":{"name":"(anonymous_0)","decl":{"start":{"line":12,"column":14},"end":{"line":12,"column":15}},"loc":{"start":{"line":12,"column":27},"end":{"line":26,"column":1}},"line":12},"1":{"name":"(anonymous_1)","decl":{"start":{"line":34,"column":16},"end":{"line":34,"column":17}},"loc":{"start":{"line":34,"column":28},"end":{"line":39,"column":1}},"line":34},"2":{"name":"(anonymous_2)","decl":{"start":{"line":47,"column":16},"end":{"line":47,"column":17}},"loc":{"start":{"line":47,"column":28},"end":{"line":60,"column":1}},"line":47},"3":{"name":"(anonymous_3)","decl":{"start":{"line":68,"column":13},"end":{"line":68,"column":14}},"loc":{"start":{"line":68,"column":25},"end":{"line":82,"column":1}},"line":68},"4":{"name":"(anonymous_4)","decl":{"start":{"line":89,"column":14},"end":{"line":89,"column":15}},"loc":{"start":{"line":89,"column":24},"end":{"line":93,"column":1}},"line":89}},"branchMap":{},"s":{"0":3,"1":3,"2":3,"3":3,"4":2,"5":2,"6":2,"7":2,"8":3,"9":3,"10":3,"11":3,"12":2,"13":2,"14":2,"15":2,"16":3,"17":2,"18":2,"19":2,"20":2,"21":3,"22":1,"23":3},"f":{"0":2,"1":3,"2":2,"3":2,"4":1},"b":{},"_coverageSchema":"1a1c01bbd47fc00a2c39e90264f33305004495a9","hash":"09c4359d73390246d4e59613258944959f4e6bb0"}
,"D:\\Learn Nodjs\\integrate-develop\\in-progress\\src\\src\\daos\\imple\\clients\\mongodb_client.js": {"path":"D:\\Learn Nodjs\\integrate-develop\\in-progress\\src\\src\\daos\\imple\\clients\\mongodb_client.js","statementMap":{"0":{"start":{"line":2,"column":22},"end":{"line":2,"column":40}},"1":{"start":{"line":5,"column":11},"end":{"line":5,"column":139}},"2":{"start":{"line":7,"column":15},"end":{"line":10,"column":2}},"3":{"start":{"line":16,"column":4},"end":{"line":16,"column":27}},"4":{"start":{"line":18,"column":0},"end":{"line":18,"column":42}},"5":{"start":{"line":20,"column":13},"end":{"line":20,"column":55}},"6":{"start":{"line":22,"column":4},"end":{"line":26,"column":5}},"7":{"start":{"line":23,"column":8},"end":{"line":23,"column":48}},"8":{"start":{"line":25,"column":8},"end":{"line":25,"column":41}},"9":{"start":{"line":30,"column":0},"end":{"line":30,"column":18}},"10":{"start":{"line":32,"column":0},"end":{"line":32,"column":22}}},"fnMap":{"0":{"name":"checkConnection","decl":{"start":{"line":15,"column":15},"end":{"line":15,"column":30}},"loc":{"start":{"line":15,"column":32},"end":{"line":27,"column":1}},"line":15}},"branchMap":{"0":{"loc":{"start":{"line":22,"column":4},"end":{"line":26,"column":5}},"type":"if","locations":[{"start":{"line":22,"column":4},"end":{"line":26,"column":5}},{"start":{"line":24,"column":9},"end":{"line":26,"column":5}}],"line":22}},"s":{"0":3,"1":3,"2":3,"3":3,"4":3,"5":3,"6":3,"7":3,"8":0,"9":3,"10":3},"f":{"0":3},"b":{"0":[3,0]},"_coverageSchema":"1a1c01bbd47fc00a2c39e90264f33305004495a9","hash":"e9820bb963b4883e4cfc8bb1a24b81ffbb5c3828"}
,"D:\\Learn Nodjs\\integrate-develop\\in-progress\\src\\src\\daos\\imple\\clients\\redis_client.js": {"path":"D:\\Learn Nodjs\\integrate-develop\\in-progress\\src\\src\\daos\\imple\\clients\\redis_client.js","statementMap":{"0":{"start":{"line":3,"column":14},"end":{"line":3,"column":32}},"1":{"start":{"line":4,"column":11},"end":{"line":4,"column":24}},"2":{"start":{"line":7,"column":14},"end":{"line":7,"column":42}},"3":{"start":{"line":10,"column":14},"end":{"line":34,"column":2}},"4":{"start":{"line":38,"column":0},"end":{"line":38,"column":42}},"5":{"start":{"line":41,"column":0},"end":{"line":43,"column":2}},"6":{"start":{"line":42,"column":4},"end":{"line":42,"column":65}},"7":{"start":{"line":45,"column":0},"end":{"line":45,"column":21}}},"fnMap":{"0":{"name":"(anonymous_0)","decl":{"start":{"line":41,"column":16},"end":{"line":41,"column":17}},"loc":{"start":{"line":41,"column":27},"end":{"line":43,"column":1}},"line":41}},"branchMap":{},"s":{"0":3,"1":3,"2":3,"3":3,"4":3,"5":3,"6":3,"7":3},"f":{"0":3},"b":{},"_coverageSchema":"1a1c01bbd47fc00a2c39e90264f33305004495a9","hash":"a6847356fc0dbd98edf4c5e50c7913ef330a5165"}
,"D:\\Learn Nodjs\\integrate-develop\\in-progress\\src\\src\\daos\\imple\\helper\\redis_arr_map.js": {"path":"D:\\Learn Nodjs\\integrate-develop\\in-progress\\src\\src\\daos\\imple\\helper\\redis_arr_map.js","statementMap":{"0":{"start":{"line":7,"column":25},"end":{"line":28,"column":1}},"1":{"start":{"line":9,"column":17},"end":{"line":9,"column":19}},"2":{"start":{"line":11,"column":4},"end":{"line":25,"column":7}},"3":{"start":{"line":13,"column":20},"end":{"line":13,"column":29}},"4":{"start":{"line":15,"column":7},"end":{"line":23,"column":8}},"5":{"start":{"line":17,"column":21},"end":{"line":17,"column":30}},"6":{"start":{"line":19,"column":11},"end":{"line":22,"column":12}},"7":{"start":{"line":27,"column":4},"end":{"line":27,"column":18}},"8":{"start":{"line":30,"column":0},"end":{"line":32,"column":1}}},"fnMap":{"0":{"name":"(anonymous_0)","decl":{"start":{"line":7,"column":25},"end":{"line":7,"column":26}},"loc":{"start":{"line":7,"column":35},"end":{"line":28,"column":1}},"line":7},"1":{"name":"(anonymous_1)","decl":{"start":{"line":11,"column":12},"end":{"line":11,"column":13}},"loc":{"start":{"line":11,"column":29},"end":{"line":25,"column":5}},"line":11}},"branchMap":{"0":{"loc":{"start":{"line":7,"column":26},"end":{"line":7,"column":32}},"type":"default-arg","locations":[{"start":{"line":7,"column":30},"end":{"line":7,"column":32}}],"line":7},"1":{"loc":{"start":{"line":15,"column":7},"end":{"line":23,"column":8}},"type":"if","locations":[{"start":{"line":15,"column":7},"end":{"line":23,"column":8}},{"start":{},"end":{}}],"line":15}},"s":{"0":3,"1":0,"2":0,"3":0,"4":0,"5":0,"6":0,"7":0,"8":3},"f":{"0":0,"1":0},"b":{"0":[0],"1":[0,0]},"_coverageSchema":"1a1c01bbd47fc00a2c39e90264f33305004495a9","hash":"b44c3d0a414b57be78093e2ba4539f4a5ba339e0"}
,"D:\\Learn Nodjs\\integrate-develop\\in-progress\\src\\src\\daos\\imple\\redis-keys\\redis-keys-gen.js": {"path":"D:\\Learn Nodjs\\integrate-develop\\in-progress\\src\\src\\daos\\imple\\redis-keys\\redis-keys-gen.js","statementMap":{"0":{"start":{"line":8,"column":23},"end":{"line":10,"column":1}},"1":{"start":{"line":9,"column":4},"end":{"line":9,"column":29}},"2":{"start":{"line":18,"column":36},"end":{"line":20,"column":1}},"3":{"start":{"line":19,"column":4},"end":{"line":19,"column":32}},"4":{"start":{"line":29,"column":44},"end":{"line":31,"column":1}},"5":{"start":{"line":30,"column":4},"end":{"line":30,"column":50}},"6":{"start":{"line":33,"column":0},"end":{"line":37,"column":1}}},"fnMap":{"0":{"name":"(anonymous_0)","decl":{"start":{"line":8,"column":23},"end":{"line":8,"column":24}},"loc":{"start":{"line":8,"column":29},"end":{"line":10,"column":1}},"line":8},"1":{"name":"(anonymous_1)","decl":{"start":{"line":18,"column":36},"end":{"line":18,"column":37}},"loc":{"start":{"line":18,"column":42},"end":{"line":20,"column":1}},"line":18},"2":{"name":"(anonymous_2)","decl":{"start":{"line":29,"column":44},"end":{"line":29,"column":45}},"loc":{"start":{"line":29,"column":60},"end":{"line":31,"column":1}},"line":29}},"branchMap":{},"s":{"0":3,"1":7,"2":3,"3":4,"4":3,"5":0,"6":3},"f":{"0":7,"1":4,"2":0},"b":{},"_coverageSchema":"1a1c01bbd47fc00a2c39e90264f33305004495a9","hash":"3484e36ea150d0b6747f89458882a4929f061794"}
,"D:\\Learn Nodjs\\integrate-develop\\in-progress\\src\\src\\daos\\imple\\users\\users_imple.js": {"path":"D:\\Learn Nodjs\\integrate-develop\\in-progress\\src\\src\\daos\\imple\\users\\users_imple.js","statementMap":{"0":{"start":{"line":1,"column":20},"end":{"line":1,"column":56}},"1":{"start":{"line":2,"column":16},"end":{"line":2,"column":34}},"2":{"start":{"line":3,"column":20},"end":{"line":3,"column":54}},"3":{"start":{"line":5,"column":18},"end":{"line":5,"column":57}},"4":{"start":{"line":6,"column":31},"end":{"line":6,"column":65}},"5":{"start":{"line":8,"column":23},"end":{"line":8,"column":65}},"6":{"start":{"line":9,"column":23},"end":{"line":9,"column":65}},"7":{"start":{"line":10,"column":25},"end":{"line":10,"column":69}},"8":{"start":{"line":13,"column":28},"end":{"line":13,"column":30}},"9":{"start":{"line":15,"column":26},"end":{"line":15,"column":28}},"10":{"start":{"line":16,"column":28},"end":{"line":16,"column":29}},"11":{"start":{"line":18,"column":33},"end":{"line":18,"column":49}},"12":{"start":{"line":19,"column":35},"end":{"line":19,"column":37}},"13":{"start":{"line":28,"column":16},"end":{"line":56,"column":1}},"14":{"start":{"line":30,"column":5},"end":{"line":30,"column":31}},"15":{"start":{"line":31,"column":5},"end":{"line":31,"column":40}},"16":{"start":{"line":32,"column":5},"end":{"line":32,"column":49}},"17":{"start":{"line":34,"column":14},"end":{"line":34,"column":54}},"18":{"start":{"line":36,"column":4},"end":{"line":38,"column":5}},"19":{"start":{"line":37,"column":8},"end":{"line":37,"column":21}},"20":{"start":{"line":40,"column":24},"end":{"line":43,"column":5}},"21":{"start":{"line":45,"column":21},"end":{"line":52,"column":5}},"22":{"start":{"line":54,"column":4},"end":{"line":54,"column":71}},"23":{"start":{"line":64,"column":16},"end":{"line":69,"column":1}},"24":{"start":{"line":66,"column":4},"end":{"line":66,"column":30}},"25":{"start":{"line":68,"column":4},"end":{"line":68,"column":52}},"26":{"start":{"line":78,"column":13},"end":{"line":83,"column":1}},"27":{"start":{"line":80,"column":20},"end":{"line":80,"column":48}},"28":{"start":{"line":82,"column":4},"end":{"line":82,"column":53}},"29":{"start":{"line":92,"column":17},"end":{"line":97,"column":1}},"30":{"start":{"line":94,"column":20},"end":{"line":94,"column":48}},"31":{"start":{"line":96,"column":4},"end":{"line":96,"column":53}},"32":{"start":{"line":105,"column":23},"end":{"line":123,"column":1}},"33":{"start":{"line":107,"column":20},"end":{"line":107,"column":61}},"34":{"start":{"line":109,"column":23},"end":{"line":109,"column":55}},"35":{"start":{"line":111,"column":4},"end":{"line":114,"column":5}},"36":{"start":{"line":113,"column":8},"end":{"line":113,"column":40}},"37":{"start":{"line":116,"column":4},"end":{"line":116,"column":30}},"38":{"start":{"line":118,"column":4},"end":{"line":118,"column":62}},"39":{"start":{"line":120,"column":31},"end":{"line":120,"column":114}},"40":{"start":{"line":122,"column":4},"end":{"line":122,"column":24}},"41":{"start":{"line":132,"column":23},"end":{"line":151,"column":1}},"42":{"start":{"line":133,"column":20},"end":{"line":133,"column":79}},"43":{"start":{"line":135,"column":16},"end":{"line":135,"column":48}},"44":{"start":{"line":137,"column":4},"end":{"line":140,"column":5}},"45":{"start":{"line":139,"column":8},"end":{"line":139,"column":33}},"46":{"start":{"line":142,"column":4},"end":{"line":142,"column":30}},"47":{"start":{"line":143,"column":4},"end":{"line":143,"column":76}},"48":{"start":{"line":145,"column":4},"end":{"line":145,"column":78}},"49":{"start":{"line":146,"column":4},"end":{"line":146,"column":34}},"50":{"start":{"line":148,"column":24},"end":{"line":148,"column":100}},"51":{"start":{"line":150,"column":4},"end":{"line":150,"column":17}},"52":{"start":{"line":159,"column":14},"end":{"line":176,"column":1}},"53":{"start":{"line":160,"column":4},"end":{"line":160,"column":47}},"54":{"start":{"line":162,"column":16},"end":{"line":164,"column":31}},"55":{"start":{"line":165,"column":4},"end":{"line":165,"column":34}},"56":{"start":{"line":167,"column":18},"end":{"line":169,"column":83}},"57":{"start":{"line":170,"column":4},"end":{"line":170,"column":38}},"58":{"start":{"line":172,"column":4},"end":{"line":175,"column":6}},"59":{"start":{"line":184,"column":21},"end":{"line":195,"column":1}},"60":{"start":{"line":186,"column":4},"end":{"line":186,"column":24}},"61":{"start":{"line":188,"column":17},"end":{"line":188,"column":123}},"62":{"start":{"line":191,"column":4},"end":{"line":191,"column":43}},"63":{"start":{"line":193,"column":4},"end":{"line":193,"column":18}},"64":{"start":{"line":197,"column":0},"end":{"line":206,"column":1}}},"fnMap":{"0":{"name":"(anonymous_0)","decl":{"start":{"line":28,"column":16},"end":{"line":28,"column":17}},"loc":{"start":{"line":28,"column":48},"end":{"line":56,"column":1}},"line":28},"1":{"name":"(anonymous_1)","decl":{"start":{"line":64,"column":16},"end":{"line":64,"column":17}},"loc":{"start":{"line":64,"column":28},"end":{"line":69,"column":1}},"line":64},"2":{"name":"(anonymous_2)","decl":{"start":{"line":78,"column":13},"end":{"line":78,"column":14}},"loc":{"start":{"line":78,"column":33},"end":{"line":83,"column":1}},"line":78},"3":{"name":"(anonymous_3)","decl":{"start":{"line":92,"column":17},"end":{"line":92,"column":18}},"loc":{"start":{"line":92,"column":37},"end":{"line":97,"column":1}},"line":92},"4":{"name":"(anonymous_4)","decl":{"start":{"line":105,"column":23},"end":{"line":105,"column":24}},"loc":{"start":{"line":105,"column":35},"end":{"line":123,"column":1}},"line":105},"5":{"name":"(anonymous_5)","decl":{"start":{"line":132,"column":23},"end":{"line":132,"column":24}},"loc":{"start":{"line":132,"column":45},"end":{"line":151,"column":1}},"line":132},"6":{"name":"(anonymous_6)","decl":{"start":{"line":159,"column":14},"end":{"line":159,"column":15}},"loc":{"start":{"line":159,"column":29},"end":{"line":176,"column":1}},"line":159},"7":{"name":"(anonymous_7)","decl":{"start":{"line":184,"column":21},"end":{"line":184,"column":22}},"loc":{"start":{"line":184,"column":36},"end":{"line":195,"column":1}},"line":184}},"branchMap":{"0":{"loc":{"start":{"line":36,"column":4},"end":{"line":38,"column":5}},"type":"if","locations":[{"start":{"line":36,"column":4},"end":{"line":38,"column":5}},{"start":{},"end":{}}],"line":36},"1":{"loc":{"start":{"line":111,"column":4},"end":{"line":114,"column":5}},"type":"if","locations":[{"start":{"line":111,"column":4},"end":{"line":114,"column":5}},{"start":{},"end":{}}],"line":111},"2":{"loc":{"start":{"line":137,"column":4},"end":{"line":140,"column":5}},"type":"if","locations":[{"start":{"line":137,"column":4},"end":{"line":140,"column":5}},{"start":{},"end":{}}],"line":137},"3":{"loc":{"start":{"line":143,"column":14},"end":{"line":143,"column":75}},"type":"cond-expr","locations":[{"start":{"line":143,"column":38},"end":{"line":143,"column":46}},{"start":{"line":143,"column":49},"end":{"line":143,"column":75}}],"line":143}},"s":{"0":3,"1":3,"2":3,"3":3,"4":3,"5":3,"6":3,"7":3,"8":3,"9":3,"10":3,"11":3,"12":3,"13":3,"14":5,"15":5,"16":5,"17":5,"18":5,"19":1,"20":4,"21":4,"22":4,"23":3,"24":2,"25":2,"26":3,"27":3,"28":3,"29":3,"30":3,"31":3,"32":3,"33":4,"34":4,"35":4,"36":1,"37":3,"38":3,"39":3,"40":3,"41":3,"42":0,"43":0,"44":0,"45":0,"46":0,"47":0,"48":0,"49":0,"50":0,"51":0,"52":3,"53":0,"54":0,"55":0,"56":0,"57":0,"58":0,"59":3,"60":0,"61":0,"62":0,"63":0,"64":3},"f":{"0":5,"1":2,"2":3,"3":3,"4":4,"5":0,"6":0,"7":0},"b":{"0":[1,4],"1":[1,3],"2":[0,0],"3":[0,0]},"_coverageSchema":"1a1c01bbd47fc00a2c39e90264f33305004495a9","hash":"fd1ee1d6555610503c54d48cf01c8c87d8dbce93"}
,"D:\\Learn Nodjs\\integrate-develop\\in-progress\\src\\src\\daos\\interface\\admin\\admin_artists_interface.js": {"path":"D:\\Learn Nodjs\\integrate-develop\\in-progress\\src\\src\\daos\\interface\\admin\\admin_artists_interface.js","statementMap":{"0":{"start":{"line":2,"column":18},"end":{"line":2,"column":66}},"1":{"start":{"line":10,"column":14},"end":{"line":10,"column":48}},"2":{"start":{"line":10,"column":27},"end":{"line":10,"column":48}},"3":{"start":{"line":18,"column":16},"end":{"line":18,"column":52}},"4":{"start":{"line":18,"column":29},"end":{"line":18,"column":52}},"5":{"start":{"line":26,"column":16},"end":{"line":26,"column":52}},"6":{"start":{"line":26,"column":29},"end":{"line":26,"column":52}},"7":{"start":{"line":34,"column":13},"end":{"line":34,"column":45}},"8":{"start":{"line":34,"column":26},"end":{"line":34,"column":45}},"9":{"start":{"line":41,"column":16},"end":{"line":41,"column":47}},"10":{"start":{"line":41,"column":27},"end":{"line":41,"column":47}},"11":{"start":{"line":43,"column":0},"end":{"line":49,"column":1}}},"fnMap":{"0":{"name":"(anonymous_0)","decl":{"start":{"line":10,"column":14},"end":{"line":10,"column":15}},"loc":{"start":{"line":10,"column":27},"end":{"line":10,"column":48}},"line":10},"1":{"name":"(anonymous_1)","decl":{"start":{"line":18,"column":16},"end":{"line":18,"column":17}},"loc":{"start":{"line":18,"column":29},"end":{"line":18,"column":52}},"line":18},"2":{"name":"(anonymous_2)","decl":{"start":{"line":26,"column":16},"end":{"line":26,"column":17}},"loc":{"start":{"line":26,"column":29},"end":{"line":26,"column":52}},"line":26},"3":{"name":"(anonymous_3)","decl":{"start":{"line":34,"column":13},"end":{"line":34,"column":14}},"loc":{"start":{"line":34,"column":26},"end":{"line":34,"column":45}},"line":34},"4":{"name":"(anonymous_4)","decl":{"start":{"line":41,"column":16},"end":{"line":41,"column":17}},"loc":{"start":{"line":41,"column":27},"end":{"line":41,"column":47}},"line":41}},"branchMap":{},"s":{"0":3,"1":3,"2":2,"3":3,"4":3,"5":3,"6":2,"7":3,"8":2,"9":3,"10":1,"11":3},"f":{"0":2,"1":3,"2":2,"3":2,"4":1},"b":{},"_coverageSchema":"1a1c01bbd47fc00a2c39e90264f33305004495a9","hash":"fa5d7133a63d55dac2be195a3948cbcdc736fae9"}
,"D:\\Learn Nodjs\\integrate-develop\\in-progress\\src\\src\\daos\\interface\\users\\user_interface.js": {"path":"D:\\Learn Nodjs\\integrate-develop\\in-progress\\src\\src\\daos\\interface\\users\\user_interface.js","statementMap":{"0":{"start":{"line":1,"column":18},"end":{"line":1,"column":58}},"1":{"start":{"line":11,"column":16},"end":{"line":11,"column":91}},"2":{"start":{"line":11,"column":49},"end":{"line":11,"column":91}},"3":{"start":{"line":19,"column":16},"end":{"line":19,"column":51}},"4":{"start":{"line":19,"column":29},"end":{"line":19,"column":51}},"5":{"start":{"line":28,"column":12},"end":{"line":28,"column":61}},"6":{"start":{"line":28,"column":34},"end":{"line":28,"column":61}},"7":{"start":{"line":37,"column":16},"end":{"line":37,"column":68}},"8":{"start":{"line":37,"column":38},"end":{"line":37,"column":68}},"9":{"start":{"line":45,"column":23},"end":{"line":45,"column":65}},"10":{"start":{"line":45,"column":36},"end":{"line":45,"column":65}},"11":{"start":{"line":54,"column":22},"end":{"line":54,"column":83}},"12":{"start":{"line":54,"column":45},"end":{"line":54,"column":83}},"13":{"start":{"line":62,"column":15},"end":{"line":62,"column":54}},"14":{"start":{"line":62,"column":31},"end":{"line":62,"column":54}},"15":{"start":{"line":70,"column":22},"end":{"line":70,"column":68}},"16":{"start":{"line":70,"column":38},"end":{"line":70,"column":68}},"17":{"start":{"line":72,"column":0},"end":{"line":81,"column":1}}},"fnMap":{"0":{"name":"(anonymous_0)","decl":{"start":{"line":11,"column":16},"end":{"line":11,"column":17}},"loc":{"start":{"line":11,"column":49},"end":{"line":11,"column":91}},"line":11},"1":{"name":"(anonymous_1)","decl":{"start":{"line":19,"column":16},"end":{"line":19,"column":17}},"loc":{"start":{"line":19,"column":29},"end":{"line":19,"column":51}},"line":19},"2":{"name":"(anonymous_2)","decl":{"start":{"line":28,"column":12},"end":{"line":28,"column":13}},"loc":{"start":{"line":28,"column":34},"end":{"line":28,"column":61}},"line":28},"3":{"name":"(anonymous_3)","decl":{"start":{"line":37,"column":16},"end":{"line":37,"column":17}},"loc":{"start":{"line":37,"column":38},"end":{"line":37,"column":68}},"line":37},"4":{"name":"(anonymous_4)","decl":{"start":{"line":45,"column":23},"end":{"line":45,"column":24}},"loc":{"start":{"line":45,"column":36},"end":{"line":45,"column":65}},"line":45},"5":{"name":"(anonymous_5)","decl":{"start":{"line":54,"column":22},"end":{"line":54,"column":23}},"loc":{"start":{"line":54,"column":45},"end":{"line":54,"column":83}},"line":54},"6":{"name":"(anonymous_6)","decl":{"start":{"line":62,"column":15},"end":{"line":62,"column":16}},"loc":{"start":{"line":62,"column":31},"end":{"line":62,"column":54}},"line":62},"7":{"name":"(anonymous_7)","decl":{"start":{"line":70,"column":22},"end":{"line":70,"column":23}},"loc":{"start":{"line":70,"column":38},"end":{"line":70,"column":68}},"line":70}},"branchMap":{},"s":{"0":3,"1":3,"2":5,"3":3,"4":2,"5":3,"6":3,"7":3,"8":3,"9":3,"10":4,"11":3,"12":0,"13":3,"14":0,"15":3,"16":0,"17":3},"f":{"0":5,"1":2,"2":3,"3":3,"4":4,"5":0,"6":0,"7":0},"b":{},"_coverageSchema":"1a1c01bbd47fc00a2c39e90264f33305004495a9","hash":"10d8c3715521ab00c5ea96e77272991ace081b41"}
}
