TN:
SF:routes\admin_artist.js
FNF:0
FNH:0
DA:1,3
DA:2,3
DA:4,3
DA:7,3
DA:8,3
DA:9,3
DA:10,3
DA:12,3
LF:8
LH:8
BRF:0
BRH:0
end_of_record
TN:
SF:routes\artist_album.js
FNF:0
FNH:0
DA:2,3
DA:3,3
DA:5,3
DA:8,3
DA:9,3
DA:10,3
DA:11,3
DA:12,3
DA:14,3
LF:9
LH:9
BRF:0
BRH:0
end_of_record
TN:
SF:routes\artist_song.js
FNF:0
FNH:0
DA:2,3
DA:3,3
DA:5,3
DA:8,3
DA:9,3
DA:10,3
DA:11,3
DA:13,3
LF:8
LH:8
BRF:0
BRH:0
end_of_record
TN:
SF:routes\index.js
FNF:0
FNH:0
DA:2,3
DA:3,3
DA:4,3
DA:5,3
DA:6,3
DA:7,3
DA:9,3
DA:10,3
DA:12,3
DA:13,3
DA:14,3
DA:15,3
DA:17,3
LF:13
LH:13
BRF:0
BRH:0
end_of_record
TN:
SF:routes\users.js
FNF:0
FNH:0
DA:1,3
DA:2,3
DA:4,3
DA:6,3
DA:7,3
DA:8,3
DA:9,3
DA:10,3
DA:11,3
DA:12,3
DA:14,3
LF:11
LH:11
BRF:0
BRH:0
end_of_record
TN:
SF:src\controllers\admin\adminController.js
FN:12,(anonymous_0)
FN:36,(anonymous_1)
FN:60,(anonymous_2)
FN:84,(anonymous_3)
FNF:4
FNH:4
FNDA:2,(anonymous_0)
FNDA:2,(anonymous_1)
FNDA:2,(anonymous_2)
FNDA:1,(anonymous_3)
DA:1,3
DA:3,3
DA:12,3
DA:13,2
DA:15,2
DA:17,2
DA:18,1
DA:21,1
DA:23,1
DA:26,1
DA:36,3
DA:38,2
DA:40,2
DA:42,2
DA:43,1
DA:46,1
DA:48,1
DA:51,1
DA:60,3
DA:61,2
DA:63,2
DA:65,2
DA:66,1
DA:69,1
DA:71,1
DA:75,1
DA:84,3
DA:86,1
DA:88,1
DA:90,1
DA:94,1
DA:99,3
LF:32
LH:32
BRDA:17,0,0,1
BRDA:17,0,1,1
BRDA:17,1,0,2
BRDA:17,1,1,1
BRDA:42,2,0,1
BRDA:42,2,1,1
BRDA:42,3,0,2
BRDA:42,3,1,2
BRDA:65,4,0,1
BRDA:65,4,1,1
BRDA:65,5,0,2
BRDA:65,5,1,1
BRF:12
BRH:12
end_of_record
TN:
SF:src\controllers\artists\artistController.js
FN:17,(anonymous_0)
FN:60,(anonymous_1)
FN:78,(anonymous_2)
FN:106,(anonymous_3)
FN:132,(anonymous_4)
FN:159,(anonymous_5)
FN:185,(anonymous_6)
FN:207,(anonymous_7)
FN:231,(anonymous_8)
FN:304,(anonymous_9)
FN:321,(anonymous_10)
FN:330,(anonymous_11)
FN:337,(anonymous_12)
FN:374,(anonymous_13)
FN:392,(anonymous_14)
FN:441,(anonymous_15)
FN:458,(anonymous_16)
FN:463,(anonymous_17)
FN:510,(anonymous_18)
FNF:19
FNH:4
FNDA:2,(anonymous_0)
FNDA:4,(anonymous_1)
FNDA:2,(anonymous_2)
FNDA:2,(anonymous_3)
FNDA:0,(anonymous_4)
FNDA:0,(anonymous_5)
FNDA:0,(anonymous_6)
FNDA:0,(anonymous_7)
FNDA:0,(anonymous_8)
FNDA:0,(anonymous_9)
FNDA:0,(anonymous_10)
FNDA:0,(anonymous_11)
FNDA:0,(anonymous_12)
FNDA:0,(anonymous_13)
FNDA:0,(anonymous_14)
FNDA:0,(anonymous_15)
FNDA:0,(anonymous_16)
FNDA:0,(anonymous_17)
FNDA:0,(anonymous_18)
DA:1,3
DA:2,3
DA:3,3
DA:8,3
DA:9,3
DA:17,3
DA:19,2
DA:20,2
DA:21,2
DA:23,2
DA:24,2
DA:29,2
DA:31,2
DA:33,2
DA:35,1
DA:40,1
DA:42,1
DA:44,1
DA:48,1
DA:60,3
DA:61,4
DA:62,4
DA:63,4
DA:65,4
DA:66,4
DA:67,4
DA:69,4
DA:71,1
DA:76,1
DA:78,1
DA:79,2
DA:80,1
DA:84,1
DA:86,1
DA:88,1
DA:91,3
DA:92,2
DA:94,1
DA:95,1
DA:98,0
DA:106,3
DA:107,2
DA:108,2
DA:110,2
DA:111,2
DA:112,2
DA:114,2
DA:116,1
DA:119,1
DA:122,1
DA:132,3
DA:133,0
DA:135,0
DA:137,0
DA:138,0
DA:139,0
DA:144,0
DA:147,0
DA:159,3
DA:161,0
DA:162,0
DA:164,0
DA:165,0
DA:167,0
DA:173,0
DA:185,3
DA:187,0
DA:189,0
DA:190,0
DA:191,0
DA:197,0
DA:198,0
DA:199,0
DA:202,0
DA:204,0
DA:205,0
DA:207,0
DA:208,0
DA:209,0
DA:214,0
DA:215,0
DA:219,0
DA:221,0
DA:230,0
DA:231,0
DA:232,0
DA:233,0
DA:235,0
DA:249,0
DA:251,0
DA:253,0
DA:257,0
DA:267,0
DA:269,0
DA:274,0
DA:279,0
DA:280,0
DA:284,0
DA:288,0
DA:304,3
DA:306,0
DA:309,0
DA:310,0
DA:311,0
DA:313,0
DA:314,0
DA:315,0
DA:316,0
DA:317,0
DA:319,0
DA:321,0
DA:322,0
DA:323,0
DA:328,0
DA:330,0
DA:332,0
DA:334,0
DA:337,0
DA:339,0
DA:340,0
DA:341,0
DA:342,0
DA:345,0
DA:347,0
DA:353,0
DA:360,0
DA:362,0
DA:363,0
DA:367,0
DA:369,0
DA:373,0
DA:374,0
DA:376,0
DA:379,0
DA:383,0
DA:385,0
DA:386,0
DA:388,0
DA:390,0
DA:391,0
DA:392,0
DA:394,0
DA:395,0
DA:398,0
DA:403,0
DA:404,0
DA:405,0
DA:406,0
DA:407,0
DA:408,0
DA:411,0
DA:412,0
DA:420,0
DA:423,0
DA:426,0
DA:427,0
DA:429,0
DA:441,3
DA:443,0
DA:444,0
DA:445,0
DA:446,0
DA:448,0
DA:450,0
DA:451,0
DA:455,0
DA:457,0
DA:458,0
DA:460,0
DA:461,0
DA:463,0
DA:464,0
DA:465,0
DA:469,0
DA:472,0
DA:475,0
DA:477,0
DA:478,0
DA:481,0
DA:482,0
DA:488,0
DA:489,0
DA:493,0
DA:496,0
DA:500,0
DA:510,3
DA:512,0
DA:514,0
DA:515,0
DA:517,0
DA:523,0
DA:527,3
LF:192
LH:56
BRDA:33,0,0,1
BRDA:33,0,1,1
BRDA:61,1,0,3
BRDA:61,1,1,1
BRDA:69,2,0,1
BRDA:69,2,1,3
BRDA:79,3,0,1
BRDA:79,3,1,1
BRDA:91,4,0,2
BRDA:91,4,1,1
BRDA:91,5,0,3
BRDA:91,5,1,2
BRDA:94,6,0,1
BRDA:94,6,1,0
BRDA:107,7,0,1
BRDA:107,7,1,1
BRDA:114,8,0,1
BRDA:114,8,1,1
BRDA:137,9,0,0
BRDA:137,9,1,0
BRDA:161,10,0,0
BRDA:161,10,1,0
BRDA:198,11,0,0
BRDA:198,11,1,0
BRDA:204,12,0,0
BRDA:204,12,1,0
BRDA:208,13,0,0
BRDA:208,13,1,0
BRDA:279,14,0,0
BRDA:279,14,1,0
BRDA:322,15,0,0
BRDA:322,15,1,0
BRDA:332,16,0,0
BRDA:332,16,1,0
BRDA:334,17,0,0
BRDA:334,17,1,0
BRDA:339,18,0,0
BRDA:339,18,1,0
BRDA:341,19,0,0
BRDA:341,19,1,0
BRDA:345,20,0,0
BRDA:345,20,1,0
BRDA:360,21,0,0
BRDA:360,21,1,0
BRDA:360,22,0,0
BRDA:360,22,1,0
BRDA:360,22,2,0
BRDA:388,23,0,0
BRDA:388,23,1,0
BRDA:404,24,0,0
BRDA:404,24,1,0
BRDA:404,25,0,0
BRDA:404,25,1,0
BRDA:404,25,2,0
BRDA:406,26,0,0
BRDA:406,26,1,0
BRDA:407,27,0,0
BRDA:407,27,1,0
BRDA:411,28,0,0
BRDA:411,28,1,0
BRDA:446,29,0,0
BRDA:446,29,1,0
BRDA:450,30,0,0
BRDA:450,30,1,0
BRDA:450,31,0,0
BRDA:450,31,1,0
BRDA:464,32,0,0
BRDA:464,32,1,0
BRDA:477,33,0,0
BRDA:477,33,1,0
BRDA:488,34,0,0
BRDA:488,34,1,0
BRF:72
BRH:17
end_of_record
TN:
SF:src\controllers\commonController\commonController.js
FN:10,(anonymous_0)
FN:34,(anonymous_1)
FNF:2
FNH:2
FNDA:24,(anonymous_0)
FNDA:6,(anonymous_1)
DA:10,3
DA:12,24
DA:18,24
DA:19,13
DA:22,24
DA:23,11
DA:26,24
DA:34,3
DA:35,6
DA:42,3
LF:10
LH:10
BRDA:10,0,0,0
BRDA:10,1,0,11
BRDA:10,2,0,12
BRDA:18,3,0,13
BRDA:18,3,1,11
BRDA:22,4,0,11
BRDA:22,4,1,13
BRDA:34,5,0,0
BRDA:34,6,0,0
BRF:9
BRH:6
end_of_record
TN:
SF:src\controllers\users\userController.js
FN:15,(anonymous_0)
FN:51,(anonymous_1)
FN:72,(anonymous_2)
FN:92,(anonymous_3)
FN:109,(anonymous_4)
FN:130,(anonymous_5)
FN:147,(anonymous_6)
FNF:7
FNH:4
FNDA:5,(anonymous_0)
FNDA:3,(anonymous_1)
FNDA:3,(anonymous_2)
FNDA:4,(anonymous_3)
FNDA:0,(anonymous_4)
FNDA:0,(anonymous_5)
FNDA:0,(anonymous_6)
DA:1,3
DA:2,3
DA:5,3
DA:15,3
DA:17,5
DA:18,5
DA:19,5
DA:21,5
DA:23,5
DA:24,1
DA:27,4
DA:28,1
DA:31,3
DA:32,1
DA:35,2
DA:38,2
DA:40,2
DA:51,3
DA:53,3
DA:54,3
DA:56,3
DA:58,3
DA:59,1
DA:62,2
DA:72,3
DA:74,3
DA:75,3
DA:77,3
DA:79,3
DA:80,2
DA:83,1
DA:92,3
DA:93,4
DA:94,4
DA:96,4
DA:99,4
DA:109,3
DA:110,0
DA:111,0
DA:113,0
DA:115,0
DA:121,0
DA:130,3
DA:131,0
DA:132,0
DA:134,0
DA:138,0
DA:147,3
DA:149,0
DA:151,0
DA:153,0
DA:156,3
LF:52
LH:40
BRDA:19,0,0,1
BRDA:19,0,1,4
BRDA:23,1,0,1
BRDA:23,1,1,4
BRDA:27,2,0,1
BRDA:27,2,1,3
BRDA:27,3,0,4
BRDA:27,3,1,2
BRDA:31,4,0,1
BRDA:31,4,1,2
BRDA:31,5,0,3
BRDA:31,5,1,1
BRDA:58,6,0,1
BRDA:58,6,1,2
BRDA:79,7,0,2
BRDA:79,7,1,1
BRDA:111,8,0,0
BRDA:111,8,1,0
BRF:18
BRH:16
end_of_record
TN:
SF:src\daos\imple\admin\admin_artists_imple.js
FN:12,(anonymous_0)
FN:34,(anonymous_1)
FN:47,(anonymous_2)
FN:68,(anonymous_3)
FN:89,(anonymous_4)
FNF:5
FNH:5
FNDA:2,(anonymous_0)
FNDA:3,(anonymous_1)
FNDA:2,(anonymous_2)
FNDA:2,(anonymous_3)
FNDA:1,(anonymous_4)
DA:2,3
DA:3,3
DA:5,3
DA:12,3
DA:14,2
DA:16,2
DA:19,2
DA:25,2
DA:34,3
DA:35,3
DA:37,3
DA:47,3
DA:48,2
DA:50,2
DA:53,2
DA:59,2
DA:68,3
DA:70,2
DA:72,2
DA:75,2
DA:81,2
DA:89,3
DA:91,1
DA:95,3
LF:24
LH:24
BRF:0
BRH:0
end_of_record
TN:
SF:src\daos\imple\clients\mongodb_client.js
FN:15,checkConnection
FNF:1
FNH:1
FNDA:3,checkConnection
DA:2,3
DA:5,3
DA:7,3
DA:16,3
DA:18,3
DA:20,3
DA:22,3
DA:23,3
DA:25,0
DA:30,3
DA:32,3
LF:11
LH:10
BRDA:22,0,0,3
BRDA:22,0,1,0
BRF:2
BRH:1
end_of_record
TN:
SF:src\daos\imple\clients\redis_client.js
FN:41,(anonymous_0)
FNF:1
FNH:1
FNDA:3,(anonymous_0)
DA:3,3
DA:4,3
DA:7,3
DA:10,3
DA:38,3
DA:41,3
DA:42,3
DA:45,3
LF:8
LH:8
BRF:0
BRH:0
end_of_record
TN:
SF:src\daos\imple\helper\redis_arr_map.js
FN:7,(anonymous_0)
FN:11,(anonymous_1)
FNF:2
FNH:0
FNDA:0,(anonymous_0)
FNDA:0,(anonymous_1)
DA:7,3
DA:9,0
DA:11,0
DA:13,0
DA:15,0
DA:17,0
DA:19,0
DA:27,0
DA:30,3
LF:9
LH:2
BRDA:7,0,0,0
BRDA:15,1,0,0
BRDA:15,1,1,0
BRF:3
BRH:0
end_of_record
TN:
SF:src\daos\imple\redis-keys\redis-keys-gen.js
FN:8,(anonymous_0)
FN:18,(anonymous_1)
FN:29,(anonymous_2)
FNF:3
FNH:2
FNDA:7,(anonymous_0)
FNDA:4,(anonymous_1)
FNDA:0,(anonymous_2)
DA:8,3
DA:9,7
DA:18,3
DA:19,4
DA:29,3
DA:30,0
DA:33,3
LF:7
LH:6
BRF:0
BRH:0
end_of_record
TN:
SF:src\daos\imple\users\users_imple.js
FN:28,(anonymous_0)
FN:64,(anonymous_1)
FN:78,(anonymous_2)
FN:92,(anonymous_3)
FN:105,(anonymous_4)
FN:132,(anonymous_5)
FN:159,(anonymous_6)
FN:184,(anonymous_7)
FNF:8
FNH:5
FNDA:5,(anonymous_0)
FNDA:2,(anonymous_1)
FNDA:3,(anonymous_2)
FNDA:3,(anonymous_3)
FNDA:4,(anonymous_4)
FNDA:0,(anonymous_5)
FNDA:0,(anonymous_6)
FNDA:0,(anonymous_7)
DA:1,3
DA:2,3
DA:3,3
DA:5,3
DA:6,3
DA:8,3
DA:9,3
DA:10,3
DA:13,3
DA:15,3
DA:16,3
DA:18,3
DA:19,3
DA:28,3
DA:30,5
DA:31,5
DA:32,5
DA:34,5
DA:36,5
DA:37,1
DA:40,4
DA:45,4
DA:54,4
DA:64,3
DA:66,2
DA:68,2
DA:78,3
DA:80,3
DA:82,3
DA:92,3
DA:94,3
DA:96,3
DA:105,3
DA:107,4
DA:109,4
DA:111,4
DA:113,1
DA:116,3
DA:118,3
DA:120,3
DA:122,3
DA:132,3
DA:133,0
DA:135,0
DA:137,0
DA:139,0
DA:142,0
DA:143,0
DA:145,0
DA:146,0
DA:148,0
DA:150,0
DA:159,3
DA:160,0
DA:162,0
DA:165,0
DA:167,0
DA:170,0
DA:172,0
DA:184,3
DA:186,0
DA:188,0
DA:191,0
DA:193,0
DA:197,3
LF:65
LH:45
BRDA:36,0,0,1
BRDA:36,0,1,4
BRDA:111,1,0,1
BRDA:111,1,1,3
BRDA:137,2,0,0
BRDA:137,2,1,0
BRDA:143,3,0,0
BRDA:143,3,1,0
BRF:8
BRH:4
end_of_record
TN:
SF:src\daos\interface\admin\admin_artists_interface.js
FN:10,(anonymous_0)
FN:18,(anonymous_1)
FN:26,(anonymous_2)
FN:34,(anonymous_3)
FN:41,(anonymous_4)
FNF:5
FNH:5
FNDA:2,(anonymous_0)
FNDA:3,(anonymous_1)
FNDA:2,(anonymous_2)
FNDA:2,(anonymous_3)
FNDA:1,(anonymous_4)
DA:2,3
DA:10,3
DA:18,3
DA:26,3
DA:34,3
DA:41,3
DA:43,3
LF:7
LH:7
BRF:0
BRH:0
end_of_record
TN:
SF:src\daos\interface\users\user_interface.js
FN:11,(anonymous_0)
FN:19,(anonymous_1)
FN:28,(anonymous_2)
FN:37,(anonymous_3)
FN:45,(anonymous_4)
FN:54,(anonymous_5)
FN:62,(anonymous_6)
FN:70,(anonymous_7)
FNF:8
FNH:5
FNDA:5,(anonymous_0)
FNDA:2,(anonymous_1)
FNDA:3,(anonymous_2)
FNDA:3,(anonymous_3)
FNDA:4,(anonymous_4)
FNDA:0,(anonymous_5)
FNDA:0,(anonymous_6)
FNDA:0,(anonymous_7)
DA:1,3
DA:11,5
DA:19,3
DA:28,3
DA:37,3
DA:45,4
DA:54,3
DA:62,3
DA:70,3
DA:72,3
LF:10
LH:10
BRF:0
BRH:0
end_of_record
